[ 2017-08-22T10:24:22+08:00 ] 127.0.0.1 /?s=/admin/manager/nodeLists/token/64af9a94f48544854f892112NCT1SLwfHEI
INFO: [ app_init ] --START--
INFO: Run Behavior\BuildLiteBehavior [ RunTime:0.000000s ]
INFO: [ app_init ] --END-- [ RunTime:0.001000s ]
INFO: [ app_begin ] --START--
INFO: Run Behavior\ReadHtmlCacheBehavior [ RunTime:0.001000s ]
INFO: [ app_begin ] --END-- [ RunTime:0.001000s ]
NOTIC: [8192] mysql_connect(): The mysql extension is deprecated and will be removed in the future: use mysqli or PDO instead E:\SharedMedia\ThinkPHP\Library\Think\Db\Driver\Mysql.class.php 第 52 行.
SQL: SHOW COLUMNS FROM `admin_user` [ RunTime:0.006001s ]
SQL: SELECT * FROM `admin_user` WHERE `token` = '64af9a94f48544854f892112NCT1SLwfHEI' LIMIT 1   [ RunTime:0.005000s ]
NOTIC: [2048] Non-static method Common\Common\Helper::response() should not be called statically, assuming $this from incompatible context E:\SharedMedia\Application\Admin\Controller\RuleController.class.php 第 23 行.

[ 2017-08-22T10:26:04+08:00 ] 127.0.0.1 /?s=/admin/manager/nodeLists/token/36f31a001dad060e2b8a4dd0809ebc93
INFO: [ app_init ] --START--
INFO: Run Behavior\BuildLiteBehavior [ RunTime:0.000000s ]
INFO: [ app_init ] --END-- [ RunTime:0.000000s ]
INFO: [ app_begin ] --START--
INFO: Run Behavior\ReadHtmlCacheBehavior [ RunTime:0.000000s ]
INFO: [ app_begin ] --END-- [ RunTime:0.001000s ]
NOTIC: [8192] mysql_connect(): The mysql extension is deprecated and will be removed in the future: use mysqli or PDO instead E:\SharedMedia\ThinkPHP\Library\Think\Db\Driver\Mysql.class.php 第 52 行.
SQL: SHOW COLUMNS FROM `admin_user` [ RunTime:0.005000s ]
SQL: SELECT * FROM `admin_user` WHERE `token` = '36f31a001dad060e2b8a4dd0809ebc93' LIMIT 1   [ RunTime:0.005001s ]
SQL: SHOW COLUMNS FROM `admin_node` [ RunTime:0.006000s ]
SQL: SELECT * FROM `admin_node` WHERE ( pid=0 )  [ RunTime:0.006000s ]
NOTIC: [2048] Non-static method Common\Common\Helper::response() should not be called statically, assuming $this from incompatible context E:\SharedMedia\Application\Admin\Controller\ManagerController.class.php 第 352 行.

[ 2017-08-22T10:28:56+08:00 ] 127.0.0.1 /?s=/admin/manager/positionLists/token/36f31a001dad060e2b8a4dd0809ebc93
INFO: [ app_init ] --START--
INFO: Run Behavior\BuildLiteBehavior [ RunTime:0.000000s ]
INFO: [ app_init ] --END-- [ RunTime:0.000000s ]
INFO: [ app_begin ] --START--
INFO: Run Behavior\ReadHtmlCacheBehavior [ RunTime:0.000000s ]
INFO: [ app_begin ] --END-- [ RunTime:0.000000s ]
NOTIC: [8192] mysql_connect(): The mysql extension is deprecated and will be removed in the future: use mysqli or PDO instead E:\SharedMedia\ThinkPHP\Library\Think\Db\Driver\Mysql.class.php 第 52 行.
SQL: SHOW COLUMNS FROM `admin_user` [ RunTime:0.005000s ]
SQL: SELECT * FROM `admin_user` WHERE `token` = '36f31a001dad060e2b8a4dd0809ebc93' LIMIT 1   [ RunTime:0.005001s ]
SQL: SHOW COLUMNS FROM `admin_role` [ RunTime:0.005000s ]
SQL: SHOW COLUMNS FROM `admin_role_node` [ RunTime:0.004000s ]
SQL: SELECT * FROM `admin_role`  [ RunTime:0.004000s ]
SQL: SELECT * FROM `admin_role_node` INNER JOIN admin_node ON admin_role_node.node_id = admin_node.node_id  WHERE ( role_id=2 )  [ RunTime:0.031002s ]
SQL: SELECT * FROM `admin_role_node` INNER JOIN admin_node ON admin_role_node.node_id = admin_node.node_id  WHERE ( role_id=3 )  [ RunTime:0.013001s ]
SQL: SELECT * FROM `admin_role_node` INNER JOIN admin_node ON admin_role_node.node_id = admin_node.node_id  WHERE ( role_id=4 )  [ RunTime:0.006000s ]
SQL: SELECT * FROM `admin_role_node` INNER JOIN admin_node ON admin_role_node.node_id = admin_node.node_id  WHERE ( role_id=5 )  [ RunTime:0.004001s ]
SQL: SELECT * FROM `admin_role_node` INNER JOIN admin_node ON admin_role_node.node_id = admin_node.node_id  WHERE ( role_id=6 )  [ RunTime:0.004000s ]
SQL: SELECT * FROM `admin_role_node` INNER JOIN admin_node ON admin_role_node.node_id = admin_node.node_id  WHERE ( role_id=7 )  [ RunTime:0.005000s ]
SQL: SELECT * FROM `admin_role_node` INNER JOIN admin_node ON admin_role_node.node_id = admin_node.node_id  WHERE ( role_id=8 )  [ RunTime:0.004000s ]
SQL: SELECT * FROM `admin_role_node` INNER JOIN admin_node ON admin_role_node.node_id = admin_node.node_id  WHERE ( role_id=9 )  [ RunTime:0.004001s ]
SQL: SELECT * FROM `admin_role_node` INNER JOIN admin_node ON admin_role_node.node_id = admin_node.node_id  WHERE ( role_id=10 )  [ RunTime:0.004000s ]
SQL: SELECT * FROM `admin_role_node` INNER JOIN admin_node ON admin_role_node.node_id = admin_node.node_id  WHERE ( role_id=11 )  [ RunTime:0.004000s ]
SQL: SELECT * FROM `admin_role_node` INNER JOIN admin_node ON admin_role_node.node_id = admin_node.node_id  WHERE ( role_id=12 )  [ RunTime:0.004000s ]
SQL: SELECT * FROM `admin_role_node` INNER JOIN admin_node ON admin_role_node.node_id = admin_node.node_id  WHERE ( role_id=13 )  [ RunTime:0.004001s ]
SQL: SELECT * FROM `admin_role_node` INNER JOIN admin_node ON admin_role_node.node_id = admin_node.node_id  WHERE ( role_id=14 )  [ RunTime:0.004000s ]
SQL: SELECT * FROM `admin_role_node` INNER JOIN admin_node ON admin_role_node.node_id = admin_node.node_id  WHERE ( role_id=15 )  [ RunTime:0.004000s ]
SQL: SELECT * FROM `admin_role_node` INNER JOIN admin_node ON admin_role_node.node_id = admin_node.node_id  WHERE ( role_id=16 )  [ RunTime:0.006000s ]
SQL: SELECT * FROM `admin_role_node` INNER JOIN admin_node ON admin_role_node.node_id = admin_node.node_id  WHERE ( role_id=17 )  [ RunTime:0.004001s ]
NOTIC: [2048] Non-static method Common\Common\Helper::response() should not be called statically, assuming $this from incompatible context E:\SharedMedia\Application\Admin\Controller\ManagerController.class.php 第 282 行.

[ 2017-08-22T12:08:15+08:00 ] 127.0.0.1 /?s=/admin/manager/delNodeInfo/token/fc94731595111968a6836caa7b7070c0/role_id/31
INFO: [ app_init ] --START--
INFO: Run Behavior\BuildLiteBehavior [ RunTime:0.000000s ]
INFO: [ app_init ] --END-- [ RunTime:0.000000s ]
INFO: [ app_begin ] --START--
INFO: Run Behavior\ReadHtmlCacheBehavior [ RunTime:0.001000s ]
INFO: [ app_begin ] --END-- [ RunTime:0.001000s ]
NOTIC: [8192] mysql_connect(): The mysql extension is deprecated and will be removed in the future: use mysqli or PDO instead E:\SharedMedia\ThinkPHP\Library\Think\Db\Driver\Mysql.class.php 第 52 行.
SQL: SHOW COLUMNS FROM `admin_user` [ RunTime:0.005000s ]
SQL: SELECT * FROM `admin_user` WHERE `token` = 'fc94731595111968a6836caa7b7070c0' LIMIT 1   [ RunTime:0.005000s ]
NOTIC: [2048] Non-static method Common\Common\Helper::response() should not be called statically, assuming $this from incompatible context E:\SharedMedia\Application\Admin\Controller\RuleController.class.php 第 23 行.

[ 2017-08-22T12:08:35+08:00 ] 127.0.0.1 /?s=/admin/manager/delNodeInfo/token/ca5230f11e0076ebbc9a718bcb78b4aa/role_id/31
INFO: [ app_init ] --START--
INFO: Run Behavior\BuildLiteBehavior [ RunTime:0.000000s ]
INFO: [ app_init ] --END-- [ RunTime:0.000000s ]
INFO: [ app_begin ] --START--
INFO: Run Behavior\ReadHtmlCacheBehavior [ RunTime:0.000000s ]
INFO: [ app_begin ] --END-- [ RunTime:0.000000s ]
NOTIC: [8192] mysql_connect(): The mysql extension is deprecated and will be removed in the future: use mysqli or PDO instead E:\SharedMedia\ThinkPHP\Library\Think\Db\Driver\Mysql.class.php 第 52 行.
SQL: SHOW COLUMNS FROM `admin_user` [ RunTime:0.005000s ]
SQL: SELECT * FROM `admin_user` WHERE `token` = 'ca5230f11e0076ebbc9a718bcb78b4aa' LIMIT 1   [ RunTime:0.005000s ]
SQL: SHOW COLUMNS FROM `admin_role` [ RunTime:0.165010s ]
SQL: DELETE FROM `admin_role` WHERE ( role_id=31 ) [ RunTime:0.004000s ]
SQL: SHOW COLUMNS FROM `admin_role_node` [ RunTime:0.006001s ]
SQL: SELECT COUNT(*) AS tp_count FROM `admin_role_node` WHERE ( role_id=31 ) LIMIT 1   [ RunTime:0.004000s ]
NOTIC: [2048] Non-static method Common\Common\Helper::response() should not be called statically, assuming $this from incompatible context E:\SharedMedia\Application\Admin\Controller\ManagerController.class.php 第 375 行.

[ 2017-08-22T14:19:43+08:00 ] 127.0.0.1 /?s=/admin/manager/UserHaveMenuLists/token/36f31a001dad060e2b8a4dd0809ebc93
INFO: [ app_init ] --START--
INFO: Run Behavior\BuildLiteBehavior [ RunTime:0.000000s ]
INFO: [ app_init ] --END-- [ RunTime:0.001000s ]
INFO: [ app_begin ] --START--
INFO: Run Behavior\ReadHtmlCacheBehavior [ RunTime:0.001000s ]
INFO: [ app_begin ] --END-- [ RunTime:0.001000s ]
NOTIC: [2048] Non-static method Common\Common\Helper::response() should not be called statically, assuming $this from incompatible context E:\SharedMedia\Application\Admin\Controller\RuleController.class.php 第 19 行.

[ 2017-08-22T14:20:11+08:00 ] 127.0.0.1 /?s=/admin/index/login
INFO: [ app_init ] --START--
INFO: Run Behavior\BuildLiteBehavior [ RunTime:0.000000s ]
INFO: [ app_init ] --END-- [ RunTime:0.000000s ]
INFO: [ app_begin ] --START--
INFO: Run Behavior\ReadHtmlCacheBehavior [ RunTime:0.001000s ]
INFO: [ app_begin ] --END-- [ RunTime:0.001000s ]
NOTIC: [8192] mysql_connect(): The mysql extension is deprecated and will be removed in the future: use mysqli or PDO instead E:\SharedMedia\ThinkPHP\Library\Think\Db\Driver\Mysql.class.php 第 52 行.
SQL: SHOW COLUMNS FROM `admin_user` [ RunTime:0.005001s ]
SQL: SELECT * FROM `admin_user` WHERE ( username=18222222222 ) LIMIT 1   [ RunTime:0.006000s ]
SQL: SHOW COLUMNS FROM `public` [ RunTime:0.021001s ]
ERR: 1146:Table 'media.public' doesn't exist
 [ SQL语句 ] : SHOW COLUMNS FROM `public`
SQL: UPDATE `admin_user` SET `token`='b7bf2fc56fe5e076c18e5ca113fb44e5' WHERE ( id=3 ) [ RunTime:0.006001s ]
SQL: SELECT * FROM `admin_user` WHERE ( id=3 ) LIMIT 1   [ RunTime:0.004000s ]
NOTIC: [2048] Non-static method Common\Common\Helper::response() should not be called statically, assuming $this from incompatible context E:\SharedMedia\Application\Admin\Controller\IndexController.class.php 第 36 行.

[ 2017-08-22T14:20:23+08:00 ] 127.0.0.1 /?s=/admin/manager/UserHaveMenuLists/token/b7bf2fc56fe5e076c18e5ca113fb44e5
INFO: [ app_init ] --START--
INFO: Run Behavior\BuildLiteBehavior [ RunTime:0.000000s ]
INFO: [ app_init ] --END-- [ RunTime:0.000000s ]
INFO: [ app_begin ] --START--
INFO: Run Behavior\ReadHtmlCacheBehavior [ RunTime:0.001001s ]
INFO: [ app_begin ] --END-- [ RunTime:0.001001s ]
NOTIC: [2048] Non-static method Common\Common\Helper::response() should not be called statically, assuming $this from incompatible context E:\SharedMedia\Application\Admin\Controller\RuleController.class.php 第 19 行.

[ 2017-08-22T14:20:30+08:00 ] 127.0.0.1 /?s=/admin/manager/UserHaveMenuLists/token/b7bf2fc56fe5e076c18e5ca113fb44e5
INFO: [ app_init ] --START--
INFO: Run Behavior\BuildLiteBehavior [ RunTime:0.000000s ]
INFO: [ app_init ] --END-- [ RunTime:0.000000s ]
INFO: [ app_begin ] --START--
INFO: Run Behavior\ReadHtmlCacheBehavior [ RunTime:0.001000s ]
INFO: [ app_begin ] --END-- [ RunTime:0.001000s ]
NOTIC: [2048] Non-static method Common\Common\Helper::response() should not be called statically, assuming $this from incompatible context E:\SharedMedia\Application\Admin\Controller\RuleController.class.php 第 19 行.

[ 2017-08-22T14:21:01+08:00 ] 127.0.0.1 /?s=/admin/manager/UserHaveMenuLists/token/b7bf2fc56fe5e076c18e5ca113fb44e5
INFO: [ app_init ] --START--
INFO: Run Behavior\BuildLiteBehavior [ RunTime:0.000000s ]
INFO: [ app_init ] --END-- [ RunTime:0.000000s ]
INFO: [ app_begin ] --START--
INFO: Run Behavior\ReadHtmlCacheBehavior [ RunTime:0.001000s ]
INFO: [ app_begin ] --END-- [ RunTime:0.001000s ]
NOTIC: [8] Undefined index: username E:\SharedMedia\Application\Admin\Controller\RuleController.class.php 第 18 行.

[ 2017-08-22T14:21:03+08:00 ] 127.0.0.1 /?s=/admin/manager/UserHaveMenuLists/token/b7bf2fc56fe5e076c18e5ca113fb44e5
INFO: [ app_init ] --START--
INFO: Run Behavior\BuildLiteBehavior [ RunTime:0.000000s ]
INFO: [ app_init ] --END-- [ RunTime:0.000000s ]
INFO: [ app_begin ] --START--
INFO: Run Behavior\ReadHtmlCacheBehavior [ RunTime:0.001000s ]
INFO: [ app_begin ] --END-- [ RunTime:0.001000s ]
NOTIC: [8] Undefined index: username E:\SharedMedia\Application\Admin\Controller\RuleController.class.php 第 18 行.

[ 2017-08-22T14:21:15+08:00 ] 127.0.0.1 /?s=/admin/index/login
INFO: [ app_init ] --START--
INFO: Run Behavior\BuildLiteBehavior [ RunTime:0.000000s ]
INFO: [ app_init ] --END-- [ RunTime:0.000000s ]
INFO: [ app_begin ] --START--
INFO: Run Behavior\ReadHtmlCacheBehavior [ RunTime:0.000000s ]
INFO: [ app_begin ] --END-- [ RunTime:0.000000s ]
NOTIC: [8192] mysql_connect(): The mysql extension is deprecated and will be removed in the future: use mysqli or PDO instead E:\SharedMedia\ThinkPHP\Library\Think\Db\Driver\Mysql.class.php 第 52 行.
SQL: SHOW COLUMNS FROM `admin_user` [ RunTime:0.005000s ]
SQL: SELECT * FROM `admin_user` WHERE ( username=18222222222 ) LIMIT 1   [ RunTime:0.006000s ]
SQL: SHOW COLUMNS FROM `public` [ RunTime:0.006001s ]
ERR: 1146:Table 'media.public' doesn't exist
 [ SQL语句 ] : SHOW COLUMNS FROM `public`
SQL: UPDATE `admin_user` SET `token`='3409cc5b6793fb2e1b8027885755338b' WHERE ( id=3 ) [ RunTime:0.006000s ]
SQL: SELECT * FROM `admin_user` WHERE ( id=3 ) LIMIT 1   [ RunTime:0.006000s ]
NOTIC: [2048] Non-static method Common\Common\Helper::response() should not be called statically, assuming $this from incompatible context E:\SharedMedia\Application\Admin\Controller\IndexController.class.php 第 36 行.

[ 2017-08-22T14:21:20+08:00 ] 127.0.0.1 /?s=/admin/manager/UserHaveMenuLists/token/b7bf2fc56fe5e076c18e5ca113fb44e5
INFO: [ app_init ] --START--
INFO: Run Behavior\BuildLiteBehavior [ RunTime:0.000000s ]
INFO: [ app_init ] --END-- [ RunTime:0.000000s ]
INFO: [ app_begin ] --START--
INFO: Run Behavior\ReadHtmlCacheBehavior [ RunTime:0.001000s ]
INFO: [ app_begin ] --END-- [ RunTime:0.001000s ]
NOTIC: [8] Undefined index: username E:\SharedMedia\Application\Admin\Controller\RuleController.class.php 第 18 行.

[ 2017-08-22T14:21:29+08:00 ] 127.0.0.1 /?s=/admin/manager/UserHaveMenuLists/token/b7bf2fc56fe5e076c18e5ca113fb44e5
INFO: [ app_init ] --START--
INFO: Run Behavior\BuildLiteBehavior [ RunTime:0.000000s ]
INFO: [ app_init ] --END-- [ RunTime:0.001000s ]
INFO: [ app_begin ] --START--
INFO: Run Behavior\ReadHtmlCacheBehavior [ RunTime:0.000000s ]
INFO: [ app_begin ] --END-- [ RunTime:0.000000s ]

[ 2017-08-22T14:21:52+08:00 ] 127.0.0.1 /?s=/admin/manager/UserHaveMenuLists/token/b7bf2fc56fe5e076c18e5ca113fb44e5
INFO: [ app_init ] --START--
INFO: Run Behavior\BuildLiteBehavior [ RunTime:0.000000s ]
INFO: [ app_init ] --END-- [ RunTime:0.000000s ]
INFO: [ app_begin ] --START--
INFO: Run Behavior\ReadHtmlCacheBehavior [ RunTime:0.001000s ]
INFO: [ app_begin ] --END-- [ RunTime:0.001000s ]
NOTIC: [8192] mysql_connect(): The mysql extension is deprecated and will be removed in the future: use mysqli or PDO instead E:\SharedMedia\ThinkPHP\Library\Think\Db\Driver\Mysql.class.php 第 52 行.
SQL: SHOW COLUMNS FROM `admin_user` [ RunTime:0.005000s ]
SQL: SELECT * FROM `admin_user` WHERE `token` = 'b7bf2fc56fe5e076c18e5ca113fb44e5' LIMIT 1   [ RunTime:0.005000s ]
NOTIC: [2048] Non-static method Common\Common\Helper::response() should not be called statically, assuming $this from incompatible context E:\SharedMedia\Application\Admin\Controller\RuleController.class.php 第 23 行.

[ 2017-08-22T14:22:05+08:00 ] 127.0.0.1 /?s=/admin/manager/UserHaveMenuLists/token/3409cc5b6793fb2e1b8027885755338b
INFO: [ app_init ] --START--
INFO: Run Behavior\BuildLiteBehavior [ RunTime:0.000000s ]
INFO: [ app_init ] --END-- [ RunTime:0.001000s ]
INFO: [ app_begin ] --START--
INFO: Run Behavior\ReadHtmlCacheBehavior [ RunTime:0.000000s ]
INFO: [ app_begin ] --END-- [ RunTime:0.000000s ]
NOTIC: [8192] mysql_connect(): The mysql extension is deprecated and will be removed in the future: use mysqli or PDO instead E:\SharedMedia\ThinkPHP\Library\Think\Db\Driver\Mysql.class.php 第 52 行.
SQL: SHOW COLUMNS FROM `admin_user` [ RunTime:0.006000s ]
SQL: SELECT * FROM `admin_user` WHERE `token` = '3409cc5b6793fb2e1b8027885755338b' LIMIT 1   [ RunTime:0.005000s ]
SQL: select admin_node.* from admin_user,admin_user_role,admin_role_node,admin_node
                where admin_user.id=admin_user_role.user_id
                and admin_user_role.role_id=admin_role_node.node_id
                and admin_role_node.node_id=admin_node.node_id
                and admin_user.username='18222222222' [ RunTime:0.026002s ]
SQL: SELECT * FROM admin_node WHERE pid = 2 [ RunTime:0.006000s ]
SQL: SELECT * FROM admin_node WHERE pid = 2 [ RunTime:0.006001s ]
NOTIC: [2048] Non-static method Common\Common\Helper::response() should not be called statically, assuming $this from incompatible context E:\SharedMedia\Application\Admin\Controller\ManagerController.class.php 第 405 行.

[ 2017-08-22T14:22:42+08:00 ] 127.0.0.1 /?s=/admin/manager/UserHaveMenuLists/token/3409cc5b6793fb2e1b8027885755338b
INFO: [ app_init ] --START--
INFO: Run Behavior\BuildLiteBehavior [ RunTime:0.000000s ]
INFO: [ app_init ] --END-- [ RunTime:0.001000s ]
INFO: [ app_begin ] --START--
INFO: Run Behavior\ReadHtmlCacheBehavior [ RunTime:0.000000s ]
INFO: [ app_begin ] --END-- [ RunTime:0.000000s ]
NOTIC: [8192] mysql_connect(): The mysql extension is deprecated and will be removed in the future: use mysqli or PDO instead E:\SharedMedia\ThinkPHP\Library\Think\Db\Driver\Mysql.class.php 第 52 行.
SQL: SHOW COLUMNS FROM `admin_user` [ RunTime:0.005000s ]
SQL: SELECT * FROM `admin_user` WHERE `token` = '3409cc5b6793fb2e1b8027885755338b' LIMIT 1   [ RunTime:0.006000s ]
SQL: select admin_node.* from admin_user,admin_user_role,admin_role_node,admin_node
                where admin_user.id=admin_user_role.user_id
                and admin_user_role.role_id=admin_role_node.node_id
                and admin_role_node.node_id=admin_node.node_id
                and admin_user.username='18222222222' [ RunTime:0.004000s ]
SQL: SELECT * FROM admin_node WHERE pid = 2 [ RunTime:0.004001s ]
SQL: SELECT * FROM admin_node WHERE pid = 2 [ RunTime:0.004000s ]
NOTIC: [2048] Non-static method Common\Common\Helper::response() should not be called statically, assuming $this from incompatible context E:\SharedMedia\Application\Admin\Controller\ManagerController.class.php 第 410 行.

[ 2017-08-22T15:09:27+08:00 ] 127.0.0.1 /?s=/admin/manager/ShoperList/token/3409cc5b6793fb2e1b8027885755338b
INFO: [ app_init ] --START--
INFO: Run Behavior\BuildLiteBehavior [ RunTime:0.000000s ]
INFO: [ app_init ] --END-- [ RunTime:0.000000s ]
INFO: [ app_begin ] --START--
INFO: Run Behavior\ReadHtmlCacheBehavior [ RunTime:0.000000s ]
INFO: [ app_begin ] --END-- [ RunTime:0.000000s ]
NOTIC: [8192] mysql_connect(): The mysql extension is deprecated and will be removed in the future: use mysqli or PDO instead E:\SharedMedia\ThinkPHP\Library\Think\Db\Driver\Mysql.class.php 第 52 行.
SQL: SHOW COLUMNS FROM `admin_user` [ RunTime:0.005001s ]
SQL: SELECT * FROM `admin_user` WHERE `token` = '3409cc5b6793fb2e1b8027885755338b' LIMIT 1   [ RunTime:0.005000s ]
ERR: 非法操作:ShoperList

[ 2017-08-22T15:10:33+08:00 ] 127.0.0.1 /?s=/admin/Shop/ShoperList/token/3409cc5b6793fb2e1b8027885755338b
INFO: [ app_init ] --START--
INFO: Run Behavior\BuildLiteBehavior [ RunTime:0.000000s ]
INFO: [ app_init ] --END-- [ RunTime:0.000000s ]
INFO: [ app_begin ] --START--
INFO: Run Behavior\ReadHtmlCacheBehavior [ RunTime:0.000000s ]
INFO: [ app_begin ] --END-- [ RunTime:0.000000s ]
NOTIC: [8192] mysql_connect(): The mysql extension is deprecated and will be removed in the future: use mysqli or PDO instead E:\SharedMedia\ThinkPHP\Library\Think\Db\Driver\Mysql.class.php 第 52 行.
SQL: SHOW COLUMNS FROM `admin_user` [ RunTime:0.005000s ]
SQL: SELECT * FROM `admin_user` WHERE `token` = '3409cc5b6793fb2e1b8027885755338b' LIMIT 1   [ RunTime:0.004000s ]
SQL: SHOW COLUMNS FROM `user` [ RunTime:0.006001s ]
SQL: SELECT * FROM `user`  [ RunTime:0.005000s ]
INFO: [ app_end ] --START--
INFO: Run Behavior\ShowPageTraceBehavior [ RunTime:0.001000s ]
INFO: [ app_end ] --END-- [ RunTime:0.001000s ]

[ 2017-08-22T15:12:02+08:00 ] 127.0.0.1 /?s=/admin/Shop/ShoperList/token/3409cc5b6793fb2e1b8027885755338b
INFO: [ app_init ] --START--
INFO: Run Behavior\BuildLiteBehavior [ RunTime:0.000000s ]
INFO: [ app_init ] --END-- [ RunTime:0.000000s ]
INFO: [ app_begin ] --START--
INFO: Run Behavior\ReadHtmlCacheBehavior [ RunTime:0.001000s ]
INFO: [ app_begin ] --END-- [ RunTime:0.001000s ]
NOTIC: [8192] mysql_connect(): The mysql extension is deprecated and will be removed in the future: use mysqli or PDO instead E:\SharedMedia\ThinkPHP\Library\Think\Db\Driver\Mysql.class.php 第 52 行.
SQL: SHOW COLUMNS FROM `admin_user` [ RunTime:0.005000s ]
SQL: SELECT * FROM `admin_user` WHERE `token` = '3409cc5b6793fb2e1b8027885755338b' LIMIT 1   [ RunTime:0.005000s ]
SQL: SHOW COLUMNS FROM `user` [ RunTime:0.005001s ]
SQL: SELECT `id`,`equipment_num`,`money_count` FROM `user`  [ RunTime:0.005000s ]
INFO: [ app_end ] --START--
INFO: Run Behavior\ShowPageTraceBehavior [ RunTime:0.000000s ]
INFO: [ app_end ] --END-- [ RunTime:0.000000s ]

[ 2017-08-22T15:13:06+08:00 ] 127.0.0.1 /?s=/admin/Shop/ShoperList/token/3409cc5b6793fb2e1b8027885755338b
INFO: [ app_init ] --START--
INFO: Run Behavior\BuildLiteBehavior [ RunTime:0.000000s ]
INFO: [ app_init ] --END-- [ RunTime:0.000000s ]
INFO: [ app_begin ] --START--
INFO: Run Behavior\ReadHtmlCacheBehavior [ RunTime:0.000000s ]
INFO: [ app_begin ] --END-- [ RunTime:0.000000s ]
NOTIC: [8192] mysql_connect(): The mysql extension is deprecated and will be removed in the future: use mysqli or PDO instead E:\SharedMedia\ThinkPHP\Library\Think\Db\Driver\Mysql.class.php 第 52 行.
SQL: SHOW COLUMNS FROM `admin_user` [ RunTime:0.006000s ]
SQL: SELECT * FROM `admin_user` WHERE `token` = '3409cc5b6793fb2e1b8027885755338b' LIMIT 1   [ RunTime:0.006000s ]
SQL: SHOW COLUMNS FROM `user` [ RunTime:0.005001s ]
SQL: SELECT `id`,`equipment_num`,`money_count` FROM `user`  [ RunTime:0.005000s ]
INFO: [ app_end ] --START--
INFO: Run Behavior\ShowPageTraceBehavior [ RunTime:0.001000s ]
INFO: [ app_end ] --END-- [ RunTime:0.001000s ]

[ 2017-08-22T15:17:47+08:00 ] 127.0.0.1 /?s=/admin/Shop/ShoperList/token/3409cc5b6793fb2e1b8027885755338b
INFO: [ app_init ] --START--
INFO: Run Behavior\BuildLiteBehavior [ RunTime:0.000000s ]
INFO: [ app_init ] --END-- [ RunTime:0.000000s ]
INFO: [ app_begin ] --START--
INFO: Run Behavior\ReadHtmlCacheBehavior [ RunTime:0.000000s ]
INFO: [ app_begin ] --END-- [ RunTime:0.000000s ]
NOTIC: [8192] mysql_connect(): The mysql extension is deprecated and will be removed in the future: use mysqli or PDO instead E:\SharedMedia\ThinkPHP\Library\Think\Db\Driver\Mysql.class.php 第 52 行.
SQL: SHOW COLUMNS FROM `admin_user` [ RunTime:0.005000s ]
SQL: SELECT * FROM `admin_user` WHERE `token` = '3409cc5b6793fb2e1b8027885755338b' LIMIT 1   [ RunTime:0.005000s ]
SQL: SHOW COLUMNS FROM `user` [ RunTime:0.005001s ]
SQL: SELECT `id`,`equipment_num`,`money_count` FROM `user`  [ RunTime:0.005000s ]
SQL: SHOW COLUMNS FROM `equipment` [ RunTime:0.005000s ]
SQL: SELECT sum(looking_num) FROM `equipment` GROUP BY shop_id=46  [ RunTime:0.043003s ]
SQL: SELECT sum(looking_num) FROM `equipment` GROUP BY shop_id=55  [ RunTime:0.006000s ]
SQL: SELECT sum(looking_num) FROM `equipment` GROUP BY shop_id=56  [ RunTime:0.004000s ]
SQL: SELECT sum(looking_num) FROM `equipment` GROUP BY shop_id=57  [ RunTime:0.004001s ]
SQL: SELECT sum(looking_num) FROM `equipment` GROUP BY shop_id=58  [ RunTime:0.005000s ]
SQL: SELECT sum(looking_num) FROM `equipment` GROUP BY shop_id=59  [ RunTime:0.005000s ]
INFO: [ app_end ] --START--
INFO: Run Behavior\ShowPageTraceBehavior [ RunTime:0.001000s ]
INFO: [ app_end ] --END-- [ RunTime:0.001000s ]

[ 2017-08-22T15:22:46+08:00 ] 127.0.0.1 /?s=/admin/Shop/ShoperList/token/3409cc5b6793fb2e1b8027885755338b
INFO: [ app_init ] --START--
INFO: Run Behavior\BuildLiteBehavior [ RunTime:0.000000s ]
INFO: [ app_init ] --END-- [ RunTime:0.000000s ]
INFO: [ app_begin ] --START--
INFO: Run Behavior\ReadHtmlCacheBehavior [ RunTime:0.001001s ]
INFO: [ app_begin ] --END-- [ RunTime:0.001001s ]
NOTIC: [8192] mysql_connect(): The mysql extension is deprecated and will be removed in the future: use mysqli or PDO instead E:\SharedMedia\ThinkPHP\Library\Think\Db\Driver\Mysql.class.php 第 52 行.
SQL: SHOW COLUMNS FROM `admin_user` [ RunTime:0.006001s ]
SQL: SELECT * FROM `admin_user` WHERE `token` = '3409cc5b6793fb2e1b8027885755338b' LIMIT 1   [ RunTime:0.006000s ]
SQL: SHOW COLUMNS FROM `user` [ RunTime:0.006000s ]
SQL: SELECT `id`,`equipment_num`,`money_count` FROM `user`  [ RunTime:0.004001s ]
SQL: SHOW COLUMNS FROM `equipment` [ RunTime:0.007000s ]
SQL: SELECT sum(looking_num) FROM `equipment` GROUP BY shop_id=46  [ RunTime:0.007000s ]

[ 2017-08-22T15:22:58+08:00 ] 127.0.0.1 /?s=/admin/Shop/ShoperList/token/3409cc5b6793fb2e1b8027885755338b
INFO: [ app_init ] --START--
INFO: Run Behavior\BuildLiteBehavior [ RunTime:0.000000s ]
INFO: [ app_init ] --END-- [ RunTime:0.001001s ]
INFO: [ app_begin ] --START--
INFO: Run Behavior\ReadHtmlCacheBehavior [ RunTime:0.001000s ]
INFO: [ app_begin ] --END-- [ RunTime:0.001000s ]
NOTIC: [8192] mysql_connect(): The mysql extension is deprecated and will be removed in the future: use mysqli or PDO instead E:\SharedMedia\ThinkPHP\Library\Think\Db\Driver\Mysql.class.php 第 52 行.
SQL: SHOW COLUMNS FROM `admin_user` [ RunTime:0.030002s ]
SQL: SELECT * FROM `admin_user` WHERE `token` = '3409cc5b6793fb2e1b8027885755338b' LIMIT 1   [ RunTime:0.006000s ]
SQL: SHOW COLUMNS FROM `user` [ RunTime:0.005000s ]
SQL: SELECT `id`,`equipment_num`,`money_count` FROM `user`  [ RunTime:0.004000s ]
SQL: SHOW COLUMNS FROM `equipment` [ RunTime:0.005000s ]
SQL: SELECT sum(looking_num) FROM `equipment` GROUP BY shop_id=46  [ RunTime:0.005000s ]
SQL: SELECT sum(looking_num) FROM `equipment` GROUP BY shop_id=55  [ RunTime:0.004001s ]
SQL: SELECT sum(looking_num) FROM `equipment` GROUP BY shop_id=56  [ RunTime:0.004000s ]
SQL: SELECT sum(looking_num) FROM `equipment` GROUP BY shop_id=57  [ RunTime:0.004000s ]
SQL: SELECT sum(looking_num) FROM `equipment` GROUP BY shop_id=58  [ RunTime:0.004000s ]
SQL: SELECT sum(looking_num) FROM `equipment` GROUP BY shop_id=59  [ RunTime:0.005001s ]
INFO: [ app_end ] --START--
INFO: Run Behavior\ShowPageTraceBehavior [ RunTime:0.001000s ]
INFO: [ app_end ] --END-- [ RunTime:0.001000s ]

[ 2017-08-22T15:25:31+08:00 ] 127.0.0.1 /?s=/admin/Shop/ShoperList/token/3409cc5b6793fb2e1b8027885755338b
INFO: [ app_init ] --START--
INFO: Run Behavior\BuildLiteBehavior [ RunTime:0.000000s ]
INFO: [ app_init ] --END-- [ RunTime:0.001000s ]
INFO: [ app_begin ] --START--
INFO: Run Behavior\ReadHtmlCacheBehavior [ RunTime:0.001000s ]
INFO: [ app_begin ] --END-- [ RunTime:0.001000s ]
NOTIC: [8192] mysql_connect(): The mysql extension is deprecated and will be removed in the future: use mysqli or PDO instead E:\SharedMedia\ThinkPHP\Library\Think\Db\Driver\Mysql.class.php 第 52 行.
SQL: SHOW COLUMNS FROM `admin_user` [ RunTime:0.005000s ]
SQL: SELECT * FROM `admin_user` WHERE `token` = '3409cc5b6793fb2e1b8027885755338b' LIMIT 1   [ RunTime:0.006001s ]
SQL: SHOW COLUMNS FROM `user` [ RunTime:0.006000s ]
SQL: SELECT `id`,`equipment_num`,`money_count` FROM `user`  [ RunTime:0.004000s ]
ERR: 1054:Unknown column 'money_count' in 'field list'
 [ SQL语句 ] : SELECT `id`,`equipment_num`,`money_count` FROM `user` 
SQL: SHOW COLUMNS FROM `equipment` [ RunTime:0.006001s ]
NOTIC: [2] Invalid argument supplied for foreach() E:\SharedMedia\Application\Admin\Controller\ShopController.class.php 第 21 行.
INFO: [ app_end ] --START--
INFO: Run Behavior\ShowPageTraceBehavior [ RunTime:0.000000s ]
INFO: [ app_end ] --END-- [ RunTime:0.000000s ]

[ 2017-08-22T15:25:37+08:00 ] 127.0.0.1 /?s=/admin/Shop/ShoperList/token/3409cc5b6793fb2e1b8027885755338b
INFO: [ app_init ] --START--
INFO: Run Behavior\BuildLiteBehavior [ RunTime:0.000000s ]
INFO: [ app_init ] --END-- [ RunTime:0.000000s ]
INFO: [ app_begin ] --START--
INFO: Run Behavior\ReadHtmlCacheBehavior [ RunTime:0.000000s ]
INFO: [ app_begin ] --END-- [ RunTime:0.000000s ]
NOTIC: [8192] mysql_connect(): The mysql extension is deprecated and will be removed in the future: use mysqli or PDO instead E:\SharedMedia\ThinkPHP\Library\Think\Db\Driver\Mysql.class.php 第 52 行.
SQL: SHOW COLUMNS FROM `admin_user` [ RunTime:0.005000s ]
SQL: SELECT * FROM `admin_user` WHERE `token` = '3409cc5b6793fb2e1b8027885755338b' LIMIT 1   [ RunTime:0.006000s ]
SQL: SHOW COLUMNS FROM `user` [ RunTime:0.005001s ]
SQL: SELECT `id`,`equipment_num`,`money_count` FROM `user`  [ RunTime:0.005000s ]
ERR: 1054:Unknown column 'money_count' in 'field list'
 [ SQL语句 ] : SELECT `id`,`equipment_num`,`money_count` FROM `user` 
SQL: SHOW COLUMNS FROM `equipment` [ RunTime:0.005000s ]
NOTIC: [2] Invalid argument supplied for foreach() E:\SharedMedia\Application\Admin\Controller\ShopController.class.php 第 21 行.
INFO: [ app_end ] --START--
INFO: Run Behavior\ShowPageTraceBehavior [ RunTime:0.001000s ]
INFO: [ app_end ] --END-- [ RunTime:0.001000s ]

[ 2017-08-22T15:26:09+08:00 ] 127.0.0.1 /?s=/admin/Shop/ShoperList/token/3409cc5b6793fb2e1b8027885755338b
INFO: [ app_init ] --START--
INFO: Run Behavior\BuildLiteBehavior [ RunTime:0.000000s ]
INFO: [ app_init ] --END-- [ RunTime:0.000000s ]
INFO: [ app_begin ] --START--
INFO: Run Behavior\ReadHtmlCacheBehavior [ RunTime:0.001000s ]
INFO: [ app_begin ] --END-- [ RunTime:0.001000s ]
NOTIC: [8192] mysql_connect(): The mysql extension is deprecated and will be removed in the future: use mysqli or PDO instead E:\SharedMedia\ThinkPHP\Library\Think\Db\Driver\Mysql.class.php 第 52 行.
SQL: SHOW COLUMNS FROM `admin_user` [ RunTime:0.005000s ]
SQL: SELECT * FROM `admin_user` WHERE `token` = '3409cc5b6793fb2e1b8027885755338b' LIMIT 1   [ RunTime:0.006001s ]
SQL: SHOW COLUMNS FROM `user` [ RunTime:0.007000s ]
SQL: SELECT `id`,`equipment_num`,`money_count` FROM `user`  [ RunTime:0.005000s ]
SQL: SHOW COLUMNS FROM `equipment` [ RunTime:0.006001s ]
SQL: SELECT sum(looking_num) FROM `equipment` GROUP BY shop_id=46  [ RunTime:0.005000s ]
SQL: SELECT sum(looking_num) FROM `equipment` GROUP BY shop_id=55  [ RunTime:0.006000s ]
SQL: SELECT sum(looking_num) FROM `equipment` GROUP BY shop_id=56  [ RunTime:0.006001s ]
SQL: SELECT sum(looking_num) FROM `equipment` GROUP BY shop_id=57  [ RunTime:0.007000s ]
SQL: SELECT sum(looking_num) FROM `equipment` GROUP BY shop_id=58  [ RunTime:0.010001s ]
SQL: SELECT sum(looking_num) FROM `equipment` GROUP BY shop_id=59  [ RunTime:0.004000s ]
INFO: [ app_end ] --START--
INFO: Run Behavior\ShowPageTraceBehavior [ RunTime:0.000000s ]
INFO: [ app_end ] --END-- [ RunTime:0.000000s ]

[ 2017-08-22T15:26:32+08:00 ] 127.0.0.1 /?s=/admin/Shop/ShoperList/token/3409cc5b6793fb2e1b8027885755338b
INFO: [ app_init ] --START--
INFO: Run Behavior\BuildLiteBehavior [ RunTime:0.000000s ]
INFO: [ app_init ] --END-- [ RunTime:0.000000s ]
INFO: [ app_begin ] --START--
INFO: Run Behavior\ReadHtmlCacheBehavior [ RunTime:0.001000s ]
INFO: [ app_begin ] --END-- [ RunTime:0.001000s ]
NOTIC: [8192] mysql_connect(): The mysql extension is deprecated and will be removed in the future: use mysqli or PDO instead E:\SharedMedia\ThinkPHP\Library\Think\Db\Driver\Mysql.class.php 第 52 行.
SQL: SHOW COLUMNS FROM `admin_user` [ RunTime:0.006000s ]
SQL: SELECT * FROM `admin_user` WHERE `token` = '3409cc5b6793fb2e1b8027885755338b' LIMIT 1   [ RunTime:0.006001s ]
SQL: SHOW COLUMNS FROM `user` [ RunTime:0.005000s ]
SQL: SELECT `id`,`equipment_num`,`money_count` FROM `user`  [ RunTime:0.005000s ]
SQL: SHOW COLUMNS FROM `equipment` [ RunTime:0.005001s ]
SQL: SELECT sum(looking_num) FROM `equipment` GROUP BY shop_id=46  [ RunTime:0.003000s ]
SQL: SELECT sum(looking_num) FROM `equipment` GROUP BY shop_id=55  [ RunTime:0.004000s ]
SQL: SELECT sum(looking_num) FROM `equipment` GROUP BY shop_id=56  [ RunTime:0.004000s ]
SQL: SELECT sum(looking_num) FROM `equipment` GROUP BY shop_id=57  [ RunTime:0.004001s ]
SQL: SELECT sum(looking_num) FROM `equipment` GROUP BY shop_id=58  [ RunTime:0.004000s ]
SQL: SELECT sum(looking_num) FROM `equipment` GROUP BY shop_id=59  [ RunTime:0.005000s ]
INFO: [ app_end ] --START--
INFO: Run Behavior\ShowPageTraceBehavior [ RunTime:0.000000s ]
INFO: [ app_end ] --END-- [ RunTime:0.000000s ]

[ 2017-08-22T15:29:24+08:00 ] 127.0.0.1 /?s=/admin/Shop/ShoperList/token/3409cc5b6793fb2e1b8027885755338b
INFO: [ app_init ] --START--
INFO: Run Behavior\BuildLiteBehavior [ RunTime:0.000000s ]
INFO: [ app_init ] --END-- [ RunTime:0.000000s ]
INFO: [ app_begin ] --START--
INFO: Run Behavior\ReadHtmlCacheBehavior [ RunTime:0.001000s ]
INFO: [ app_begin ] --END-- [ RunTime:0.001000s ]
NOTIC: [8192] mysql_connect(): The mysql extension is deprecated and will be removed in the future: use mysqli or PDO instead E:\SharedMedia\ThinkPHP\Library\Think\Db\Driver\Mysql.class.php 第 52 行.
SQL: SHOW COLUMNS FROM `admin_user` [ RunTime:0.005000s ]
SQL: SELECT * FROM `admin_user` WHERE `token` = '3409cc5b6793fb2e1b8027885755338b' LIMIT 1   [ RunTime:0.005000s ]
SQL: SHOW COLUMNS FROM `user` [ RunTime:0.004001s ]
SQL: SELECT `id`,`equipment_num`,`money_count` FROM `user`  [ RunTime:0.005000s ]
SQL: SHOW COLUMNS FROM `equipment` [ RunTime:0.005000s ]
SQL: SELECT sum(looking_num) FROM `equipment` WHERE ( shop_id=46 )  [ RunTime:0.005000s ]
SQL: SELECT sum(looking_num) FROM `equipment` WHERE ( shop_id=55 )  [ RunTime:0.003000s ]
SQL: SELECT sum(looking_num) FROM `equipment` WHERE ( shop_id=56 )  [ RunTime:0.004000s ]
SQL: SELECT sum(looking_num) FROM `equipment` WHERE ( shop_id=57 )  [ RunTime:0.004000s ]
SQL: SELECT sum(looking_num) FROM `equipment` WHERE ( shop_id=58 )  [ RunTime:0.004000s ]
SQL: SELECT sum(looking_num) FROM `equipment` WHERE ( shop_id=59 )  [ RunTime:0.004000s ]
INFO: [ app_end ] --START--
INFO: Run Behavior\ShowPageTraceBehavior [ RunTime:0.000000s ]
INFO: [ app_end ] --END-- [ RunTime:0.000000s ]

[ 2017-08-22T15:30:04+08:00 ] 127.0.0.1 /?s=/admin/Shop/ShoperList/token/3409cc5b6793fb2e1b8027885755338b
INFO: [ app_init ] --START--
INFO: Run Behavior\BuildLiteBehavior [ RunTime:0.000000s ]
INFO: [ app_init ] --END-- [ RunTime:0.000000s ]
INFO: [ app_begin ] --START--
INFO: Run Behavior\ReadHtmlCacheBehavior [ RunTime:0.000000s ]
INFO: [ app_begin ] --END-- [ RunTime:0.000000s ]
NOTIC: [8192] mysql_connect(): The mysql extension is deprecated and will be removed in the future: use mysqli or PDO instead E:\SharedMedia\ThinkPHP\Library\Think\Db\Driver\Mysql.class.php 第 52 行.
SQL: SHOW COLUMNS FROM `admin_user` [ RunTime:0.005001s ]
SQL: SELECT * FROM `admin_user` WHERE `token` = '3409cc5b6793fb2e1b8027885755338b' LIMIT 1   [ RunTime:0.005000s ]
SQL: SHOW COLUMNS FROM `user` [ RunTime:0.004000s ]
SQL: SELECT `id`,`equipment_num`,`money_count` FROM `user`  [ RunTime:0.005000s ]
SQL: SHOW COLUMNS FROM `equipment` [ RunTime:0.005001s ]
SQL: SELECT sum(looking_num) FROM `equipment` WHERE ( shop_id=46 )  [ RunTime:0.005000s ]
SQL: SELECT sum(looking_num) FROM `equipment` WHERE ( shop_id=55 )  [ RunTime:0.005000s ]
SQL: SELECT sum(looking_num) FROM `equipment` WHERE ( shop_id=56 )  [ RunTime:0.004001s ]
SQL: SELECT sum(looking_num) FROM `equipment` WHERE ( shop_id=57 )  [ RunTime:0.004000s ]
SQL: SELECT sum(looking_num) FROM `equipment` WHERE ( shop_id=58 )  [ RunTime:0.005000s ]
SQL: SELECT sum(looking_num) FROM `equipment` WHERE ( shop_id=59 )  [ RunTime:0.006000s ]
INFO: [ app_end ] --START--
INFO: Run Behavior\ShowPageTraceBehavior [ RunTime:0.000000s ]
INFO: [ app_end ] --END-- [ RunTime:0.000000s ]

[ 2017-08-22T15:30:41+08:00 ] 127.0.0.1 /?s=/admin/Shop/ShoperList/token/3409cc5b6793fb2e1b8027885755338b
INFO: [ app_init ] --START--
INFO: Run Behavior\BuildLiteBehavior [ RunTime:0.000000s ]
INFO: [ app_init ] --END-- [ RunTime:0.000000s ]
INFO: [ app_begin ] --START--
INFO: Run Behavior\ReadHtmlCacheBehavior [ RunTime:0.000000s ]
INFO: [ app_begin ] --END-- [ RunTime:0.000000s ]
NOTIC: [8192] mysql_connect(): The mysql extension is deprecated and will be removed in the future: use mysqli or PDO instead E:\SharedMedia\ThinkPHP\Library\Think\Db\Driver\Mysql.class.php 第 52 行.
SQL: SHOW COLUMNS FROM `admin_user` [ RunTime:0.005000s ]
SQL: SELECT * FROM `admin_user` WHERE `token` = '3409cc5b6793fb2e1b8027885755338b' LIMIT 1   [ RunTime:0.004001s ]
SQL: SHOW COLUMNS FROM `user` [ RunTime:0.005000s ]
SQL: SELECT `id`,`equipment_num`,`money_count` FROM `user`  [ RunTime:0.004000s ]
SQL: SHOW COLUMNS FROM `equipment` [ RunTime:0.005000s ]
SQL: SELECT sum(looking_num) FROM `equipment` WHERE ( shop_id=46 ) LIMIT 1   [ RunTime:0.005001s ]
SQL: SELECT sum(looking_num) FROM `equipment` WHERE ( shop_id=55 ) LIMIT 1   [ RunTime:0.004000s ]
SQL: SELECT sum(looking_num) FROM `equipment` WHERE ( shop_id=56 ) LIMIT 1   [ RunTime:0.004000s ]
SQL: SELECT sum(looking_num) FROM `equipment` WHERE ( shop_id=57 ) LIMIT 1   [ RunTime:0.004000s ]
SQL: SELECT sum(looking_num) FROM `equipment` WHERE ( shop_id=58 ) LIMIT 1   [ RunTime:0.005001s ]
SQL: SELECT sum(looking_num) FROM `equipment` WHERE ( shop_id=59 ) LIMIT 1   [ RunTime:0.004000s ]
INFO: [ app_end ] --START--
INFO: Run Behavior\ShowPageTraceBehavior [ RunTime:0.001000s ]
INFO: [ app_end ] --END-- [ RunTime:0.001000s ]

[ 2017-08-22T15:31:38+08:00 ] 127.0.0.1 /?s=/admin/Shop/ShoperList/token/3409cc5b6793fb2e1b8027885755338b
INFO: [ app_init ] --START--
INFO: Run Behavior\BuildLiteBehavior [ RunTime:0.000000s ]
INFO: [ app_init ] --END-- [ RunTime:0.000000s ]
INFO: [ app_begin ] --START--
INFO: Run Behavior\ReadHtmlCacheBehavior [ RunTime:0.001000s ]
INFO: [ app_begin ] --END-- [ RunTime:0.001000s ]
NOTIC: [8192] mysql_connect(): The mysql extension is deprecated and will be removed in the future: use mysqli or PDO instead E:\SharedMedia\ThinkPHP\Library\Think\Db\Driver\Mysql.class.php 第 52 行.
SQL: SHOW COLUMNS FROM `admin_user` [ RunTime:0.005001s ]
SQL: SELECT * FROM `admin_user` WHERE `token` = '3409cc5b6793fb2e1b8027885755338b' LIMIT 1   [ RunTime:0.005000s ]
SQL: SHOW COLUMNS FROM `user` [ RunTime:0.006000s ]
SQL: SELECT `id`,`equipment_num`,`money_count` FROM `user`  [ RunTime:0.005001s ]
SQL: SHOW COLUMNS FROM `equipment` [ RunTime:0.006000s ]
SQL: SELECT sum(looking_num) FROM `equipment` WHERE ( shop_id=46 ) LIMIT 1   [ RunTime:0.005000s ]
SQL: SELECT sum(looking_num) FROM `equipment` WHERE ( shop_id=55 ) LIMIT 1   [ RunTime:0.004001s ]
SQL: SELECT sum(looking_num) FROM `equipment` WHERE ( shop_id=56 ) LIMIT 1   [ RunTime:0.004000s ]
SQL: SELECT sum(looking_num) FROM `equipment` WHERE ( shop_id=57 ) LIMIT 1   [ RunTime:0.004000s ]
SQL: SELECT sum(looking_num) FROM `equipment` WHERE ( shop_id=58 ) LIMIT 1   [ RunTime:0.004000s ]
SQL: SELECT sum(looking_num) FROM `equipment` WHERE ( shop_id=59 ) LIMIT 1   [ RunTime:0.004001s ]
INFO: [ app_end ] --START--
INFO: Run Behavior\ShowPageTraceBehavior [ RunTime:0.001000s ]
INFO: [ app_end ] --END-- [ RunTime:0.001000s ]

[ 2017-08-22T15:32:18+08:00 ] 127.0.0.1 /?s=/admin/Shop/ShoperList/token/3409cc5b6793fb2e1b8027885755338b
INFO: [ app_init ] --START--
INFO: Run Behavior\BuildLiteBehavior [ RunTime:0.000000s ]
INFO: [ app_init ] --END-- [ RunTime:0.000000s ]
INFO: [ app_begin ] --START--
INFO: Run Behavior\ReadHtmlCacheBehavior [ RunTime:0.000000s ]
INFO: [ app_begin ] --END-- [ RunTime:0.000000s ]
NOTIC: [8192] mysql_connect(): The mysql extension is deprecated and will be removed in the future: use mysqli or PDO instead E:\SharedMedia\ThinkPHP\Library\Think\Db\Driver\Mysql.class.php 第 52 行.
SQL: SHOW COLUMNS FROM `admin_user` [ RunTime:0.005000s ]
SQL: SELECT * FROM `admin_user` WHERE `token` = '3409cc5b6793fb2e1b8027885755338b' LIMIT 1   [ RunTime:0.005000s ]
SQL: SHOW COLUMNS FROM `user` [ RunTime:0.005001s ]
SQL: SELECT `id`,`equipment_num`,`money_count` FROM `user`  [ RunTime:0.005000s ]
SQL: SHOW COLUMNS FROM `equipment` [ RunTime:0.005000s ]
SQL: SELECT sum(looking_num) FROM `equipment` WHERE ( shop_id=46 ) LIMIT 1   [ RunTime:0.005000s ]
SQL: SELECT sum(looking_num) FROM `equipment` WHERE ( shop_id=55 ) LIMIT 1   [ RunTime:0.004001s ]
SQL: SELECT sum(looking_num) FROM `equipment` WHERE ( shop_id=56 ) LIMIT 1   [ RunTime:0.005000s ]
SQL: SELECT sum(looking_num) FROM `equipment` WHERE ( shop_id=57 ) LIMIT 1   [ RunTime:0.004000s ]
SQL: SELECT sum(looking_num) FROM `equipment` WHERE ( shop_id=58 ) LIMIT 1   [ RunTime:0.004000s ]
SQL: SELECT sum(looking_num) FROM `equipment` WHERE ( shop_id=59 ) LIMIT 1   [ RunTime:0.006001s ]
INFO: [ app_end ] --START--
INFO: Run Behavior\ShowPageTraceBehavior [ RunTime:0.000000s ]
INFO: [ app_end ] --END-- [ RunTime:0.000000s ]

[ 2017-08-22T15:33:30+08:00 ] 127.0.0.1 /?s=/admin/Shop/ShoperList/token/3409cc5b6793fb2e1b8027885755338b
INFO: [ app_init ] --START--
INFO: Run Behavior\BuildLiteBehavior [ RunTime:0.000000s ]
INFO: [ app_init ] --END-- [ RunTime:0.001000s ]
INFO: [ app_begin ] --START--
INFO: Run Behavior\ReadHtmlCacheBehavior [ RunTime:0.002000s ]
INFO: [ app_begin ] --END-- [ RunTime:0.002000s ]
NOTIC: [8192] mysql_connect(): The mysql extension is deprecated and will be removed in the future: use mysqli or PDO instead E:\SharedMedia\ThinkPHP\Library\Think\Db\Driver\Mysql.class.php 第 52 行.
SQL: SHOW COLUMNS FROM `admin_user` [ RunTime:0.005000s ]
SQL: SELECT * FROM `admin_user` WHERE `token` = '3409cc5b6793fb2e1b8027885755338b' LIMIT 1   [ RunTime:0.006001s ]
SQL: SHOW COLUMNS FROM `user` [ RunTime:0.005000s ]
SQL: SELECT `id`,`equipment_num`,`money_count` FROM `user`  [ RunTime:0.005000s ]
SQL: SHOW COLUMNS FROM `equipment` [ RunTime:0.005000s ]
SQL: SELECT sum(looking_num),sum(order_num) FROM `equipment` WHERE ( shop_id=46 ) LIMIT 1   [ RunTime:0.005001s ]
SQL: SELECT sum(looking_num),sum(order_num) FROM `equipment` WHERE ( shop_id=55 ) LIMIT 1   [ RunTime:0.004000s ]
SQL: SELECT sum(looking_num),sum(order_num) FROM `equipment` WHERE ( shop_id=56 ) LIMIT 1   [ RunTime:0.004000s ]
SQL: SELECT sum(looking_num),sum(order_num) FROM `equipment` WHERE ( shop_id=57 ) LIMIT 1   [ RunTime:0.004000s ]
SQL: SELECT sum(looking_num),sum(order_num) FROM `equipment` WHERE ( shop_id=58 ) LIMIT 1   [ RunTime:0.004001s ]
SQL: SELECT sum(looking_num),sum(order_num) FROM `equipment` WHERE ( shop_id=59 ) LIMIT 1   [ RunTime:0.004000s ]
INFO: [ app_end ] --START--
INFO: Run Behavior\ShowPageTraceBehavior [ RunTime:0.001000s ]
INFO: [ app_end ] --END-- [ RunTime:0.001000s ]

[ 2017-08-22T15:34:38+08:00 ] 127.0.0.1 /?s=/admin/Shop/ShoperList/token/3409cc5b6793fb2e1b8027885755338b
INFO: [ app_init ] --START--
INFO: Run Behavior\BuildLiteBehavior [ RunTime:0.000000s ]
INFO: [ app_init ] --END-- [ RunTime:0.001000s ]
INFO: [ app_begin ] --START--
INFO: Run Behavior\ReadHtmlCacheBehavior [ RunTime:0.001000s ]
INFO: [ app_begin ] --END-- [ RunTime:0.001000s ]
NOTIC: [8192] mysql_connect(): The mysql extension is deprecated and will be removed in the future: use mysqli or PDO instead E:\SharedMedia\ThinkPHP\Library\Think\Db\Driver\Mysql.class.php 第 52 行.
SQL: SHOW COLUMNS FROM `admin_user` [ RunTime:0.005000s ]
SQL: SELECT * FROM `admin_user` WHERE `token` = '3409cc5b6793fb2e1b8027885755338b' LIMIT 1   [ RunTime:0.010001s ]
SQL: SHOW COLUMNS FROM `user` [ RunTime:0.007000s ]
SQL: SELECT `id`,`equipment_num`,`money_count` FROM `user`  [ RunTime:0.005000s ]
SQL: SHOW COLUMNS FROM `equipment` [ RunTime:0.005001s ]
SQL: SELECT sum(looking_num),sum(order_num) FROM `equipment` WHERE ( shop_id=46 ) LIMIT 1   [ RunTime:0.005000s ]
SQL: SELECT sum(looking_num),sum(order_num) FROM `equipment` WHERE ( shop_id=55 ) LIMIT 1   [ RunTime:0.004000s ]
SQL: SELECT sum(looking_num),sum(order_num) FROM `equipment` WHERE ( shop_id=56 ) LIMIT 1   [ RunTime:0.004001s ]
SQL: SELECT sum(looking_num),sum(order_num) FROM `equipment` WHERE ( shop_id=57 ) LIMIT 1   [ RunTime:0.004000s ]
SQL: SELECT sum(looking_num),sum(order_num) FROM `equipment` WHERE ( shop_id=58 ) LIMIT 1   [ RunTime:0.004000s ]
SQL: SELECT sum(looking_num),sum(order_num) FROM `equipment` WHERE ( shop_id=59 ) LIMIT 1   [ RunTime:0.004000s ]
INFO: [ app_end ] --START--
INFO: Run Behavior\ShowPageTraceBehavior [ RunTime:0.000000s ]
INFO: [ app_end ] --END-- [ RunTime:0.001000s ]

[ 2017-08-22T15:35:23+08:00 ] 127.0.0.1 /?s=/admin/Shop/ShoperList/token/3409cc5b6793fb2e1b8027885755338b
INFO: [ app_init ] --START--
INFO: Run Behavior\BuildLiteBehavior [ RunTime:0.000000s ]
INFO: [ app_init ] --END-- [ RunTime:0.001000s ]
INFO: [ app_begin ] --START--
INFO: Run Behavior\ReadHtmlCacheBehavior [ RunTime:0.000000s ]
INFO: [ app_begin ] --END-- [ RunTime:0.000000s ]
NOTIC: [8192] mysql_connect(): The mysql extension is deprecated and will be removed in the future: use mysqli or PDO instead E:\SharedMedia\ThinkPHP\Library\Think\Db\Driver\Mysql.class.php 第 52 行.
SQL: SHOW COLUMNS FROM `admin_user` [ RunTime:0.005001s ]
SQL: SELECT * FROM `admin_user` WHERE `token` = '3409cc5b6793fb2e1b8027885755338b' LIMIT 1   [ RunTime:0.006000s ]
SQL: SHOW COLUMNS FROM `user` [ RunTime:0.005000s ]
SQL: SELECT `id`,`equipment_num`,`money_count` FROM `user`  [ RunTime:0.004001s ]
SQL: SHOW COLUMNS FROM `equipment` [ RunTime:0.005000s ]
SQL: SELECT sum(looking_num),sum(order_num) FROM `equipment` WHERE ( shop_id=46 ) LIMIT 1   [ RunTime:0.004000s ]
SQL: SELECT sum(looking_num),sum(order_num) FROM `equipment` WHERE ( shop_id=55 ) LIMIT 1   [ RunTime:0.004000s ]
SQL: SELECT sum(looking_num),sum(order_num) FROM `equipment` WHERE ( shop_id=56 ) LIMIT 1   [ RunTime:0.004001s ]
SQL: SELECT sum(looking_num),sum(order_num) FROM `equipment` WHERE ( shop_id=57 ) LIMIT 1   [ RunTime:0.004000s ]
SQL: SELECT sum(looking_num),sum(order_num) FROM `equipment` WHERE ( shop_id=58 ) LIMIT 1   [ RunTime:0.004000s ]
SQL: SELECT sum(looking_num),sum(order_num) FROM `equipment` WHERE ( shop_id=59 ) LIMIT 1   [ RunTime:0.005000s ]
NOTIC: [2048] Non-static method Common\Common\Helper::response() should not be called statically, assuming $this from incompatible context E:\SharedMedia\Application\Admin\Controller\ShopController.class.php 第 29 行.

[ 2017-08-22T16:00:26+08:00 ] 127.0.0.1 /?s=/admin/Shop/ShoperList/token/3409cc5b6793fb2e1b8027885755338b
INFO: [ app_init ] --START--
INFO: Run Behavior\BuildLiteBehavior [ RunTime:0.000000s ]
INFO: [ app_init ] --END-- [ RunTime:0.000000s ]
INFO: [ app_begin ] --START--
INFO: Run Behavior\ReadHtmlCacheBehavior [ RunTime:0.001000s ]
INFO: [ app_begin ] --END-- [ RunTime:0.001000s ]
NOTIC: [8192] mysql_connect(): The mysql extension is deprecated and will be removed in the future: use mysqli or PDO instead E:\SharedMedia\ThinkPHP\Library\Think\Db\Driver\Mysql.class.php 第 52 行.
SQL: SHOW COLUMNS FROM `admin_user` [ RunTime:0.005000s ]
SQL: SELECT * FROM `admin_user` WHERE `token` = '3409cc5b6793fb2e1b8027885755338b' LIMIT 1   [ RunTime:0.006001s ]
SQL: SHOW COLUMNS FROM `user` [ RunTime:0.006000s ]
SQL: SELECT `id`,`equipment_num`,`money_count` FROM `user`  [ RunTime:0.004000s ]
SQL: SHOW COLUMNS FROM `equipment` [ RunTime:0.004001s ]
SQL: SELECT sum(looking_num),sum(order_num) FROM `equipment` WHERE ( shop_id=46 ) LIMIT 1   [ RunTime:0.004000s ]
SQL: SELECT sum(looking_num),sum(order_num) FROM `equipment` WHERE ( shop_id=55 ) LIMIT 1   [ RunTime:0.004000s ]
SQL: SELECT sum(looking_num),sum(order_num) FROM `equipment` WHERE ( shop_id=56 ) LIMIT 1   [ RunTime:0.004000s ]
SQL: SELECT sum(looking_num),sum(order_num) FROM `equipment` WHERE ( shop_id=57 ) LIMIT 1   [ RunTime:0.005001s ]
SQL: SELECT sum(looking_num),sum(order_num) FROM `equipment` WHERE ( shop_id=58 ) LIMIT 1   [ RunTime:0.006000s ]
SQL: SELECT sum(looking_num),sum(order_num) FROM `equipment` WHERE ( shop_id=59 ) LIMIT 1   [ RunTime:0.005000s ]

[ 2017-08-22T16:02:38+08:00 ] 127.0.0.1 /?s=/admin/Shop/ShoperList/token/3409cc5b6793fb2e1b8027885755338b
INFO: [ app_init ] --START--
INFO: Run Behavior\BuildLiteBehavior [ RunTime:0.000000s ]
INFO: [ app_init ] --END-- [ RunTime:0.001000s ]
INFO: [ app_begin ] --START--
INFO: Run Behavior\ReadHtmlCacheBehavior [ RunTime:0.001000s ]
INFO: [ app_begin ] --END-- [ RunTime:0.001000s ]
NOTIC: [8192] mysql_connect(): The mysql extension is deprecated and will be removed in the future: use mysqli or PDO instead E:\SharedMedia\ThinkPHP\Library\Think\Db\Driver\Mysql.class.php 第 52 行.
SQL: SHOW COLUMNS FROM `admin_user` [ RunTime:0.006000s ]
SQL: SELECT * FROM `admin_user` WHERE `token` = '3409cc5b6793fb2e1b8027885755338b' LIMIT 1   [ RunTime:0.005000s ]
SQL: SHOW COLUMNS FROM `user` [ RunTime:0.005001s ]
SQL: SELECT `id`,`equipment_num`,`money_count` FROM `user`  [ RunTime:0.004000s ]
SQL: SHOW COLUMNS FROM `equipment` [ RunTime:0.004000s ]
SQL: SELECT sum(looking_num),sum(order_num) FROM `equipment` WHERE ( shop_id=46 ) LIMIT 1   [ RunTime:0.003000s ]
SQL: SELECT sum(looking_num),sum(order_num) FROM `equipment` WHERE ( shop_id=55 ) LIMIT 1   [ RunTime:0.004001s ]
SQL: SELECT sum(looking_num),sum(order_num) FROM `equipment` WHERE ( shop_id=56 ) LIMIT 1   [ RunTime:0.004000s ]
SQL: SELECT sum(looking_num),sum(order_num) FROM `equipment` WHERE ( shop_id=57 ) LIMIT 1   [ RunTime:0.005000s ]
SQL: SELECT sum(looking_num),sum(order_num) FROM `equipment` WHERE ( shop_id=58 ) LIMIT 1   [ RunTime:0.006001s ]
SQL: SELECT sum(looking_num),sum(order_num) FROM `equipment` WHERE ( shop_id=59 ) LIMIT 1   [ RunTime:0.005000s ]
NOTIC: [2048] Non-static method Common\Common\Helper::response() should not be called statically, assuming $this from incompatible context E:\SharedMedia\Application\Admin\Controller\ShopController.class.php 第 38 行.

[ 2017-08-22T16:03:29+08:00 ] 127.0.0.1 /?s=/admin/Shop/ShoperList/token/3409cc5b6793fb2e1b8027885755338b
INFO: [ app_init ] --START--
INFO: Run Behavior\BuildLiteBehavior [ RunTime:0.000000s ]
INFO: [ app_init ] --END-- [ RunTime:0.000000s ]
INFO: [ app_begin ] --START--
INFO: Run Behavior\ReadHtmlCacheBehavior [ RunTime:0.001000s ]
INFO: [ app_begin ] --END-- [ RunTime:0.001000s ]
NOTIC: [8192] mysql_connect(): The mysql extension is deprecated and will be removed in the future: use mysqli or PDO instead E:\SharedMedia\ThinkPHP\Library\Think\Db\Driver\Mysql.class.php 第 52 行.
SQL: SHOW COLUMNS FROM `admin_user` [ RunTime:0.005001s ]
SQL: SELECT * FROM `admin_user` WHERE `token` = '3409cc5b6793fb2e1b8027885755338b' LIMIT 1   [ RunTime:0.005000s ]
SQL: SHOW COLUMNS FROM `user` [ RunTime:0.007000s ]
SQL: SELECT `id`,`equipment_num`,`money_count` FROM `user`  [ RunTime:0.005001s ]
SQL: SHOW COLUMNS FROM `equipment` [ RunTime:0.005000s ]
SQL: SELECT sum(looking_num),sum(order_num) FROM `equipment` WHERE ( shop_id=46 ) LIMIT 1   [ RunTime:0.006000s ]
SQL: SELECT sum(looking_num),sum(order_num) FROM `equipment` WHERE ( shop_id=55 ) LIMIT 1   [ RunTime:0.004001s ]
SQL: SELECT sum(looking_num),sum(order_num) FROM `equipment` WHERE ( shop_id=56 ) LIMIT 1   [ RunTime:0.004000s ]
SQL: SELECT sum(looking_num),sum(order_num) FROM `equipment` WHERE ( shop_id=57 ) LIMIT 1   [ RunTime:0.004000s ]
SQL: SELECT sum(looking_num),sum(order_num) FROM `equipment` WHERE ( shop_id=58 ) LIMIT 1   [ RunTime:0.004000s ]
SQL: SELECT sum(looking_num),sum(order_num) FROM `equipment` WHERE ( shop_id=59 ) LIMIT 1   [ RunTime:0.004000s ]

[ 2017-08-22T16:03:57+08:00 ] 127.0.0.1 /?s=/admin/Shop/ShoperList/token/3409cc5b6793fb2e1b8027885755338b
INFO: [ app_init ] --START--
INFO: Run Behavior\BuildLiteBehavior [ RunTime:0.000000s ]
INFO: [ app_init ] --END-- [ RunTime:0.001000s ]
INFO: [ app_begin ] --START--
INFO: Run Behavior\ReadHtmlCacheBehavior [ RunTime:0.001000s ]
INFO: [ app_begin ] --END-- [ RunTime:0.001000s ]
NOTIC: [8192] mysql_connect(): The mysql extension is deprecated and will be removed in the future: use mysqli or PDO instead E:\SharedMedia\ThinkPHP\Library\Think\Db\Driver\Mysql.class.php 第 52 行.
SQL: SHOW COLUMNS FROM `admin_user` [ RunTime:0.005000s ]
SQL: SELECT * FROM `admin_user` WHERE `token` = '3409cc5b6793fb2e1b8027885755338b' LIMIT 1   [ RunTime:0.006000s ]
SQL: SHOW COLUMNS FROM `user` [ RunTime:0.007001s ]
SQL: SELECT `id`,`equipment_num`,`money_count` FROM `user`  [ RunTime:0.005000s ]
SQL: SHOW COLUMNS FROM `equipment` [ RunTime:0.005000s ]
SQL: SELECT sum(looking_num),sum(order_num) FROM `equipment` WHERE ( shop_id=46 ) LIMIT 1   [ RunTime:0.005001s ]
SQL: SELECT sum(looking_num),sum(order_num) FROM `equipment` WHERE ( shop_id=55 ) LIMIT 1   [ RunTime:0.005000s ]
SQL: SELECT sum(looking_num),sum(order_num) FROM `equipment` WHERE ( shop_id=56 ) LIMIT 1   [ RunTime:0.004000s ]
SQL: SELECT sum(looking_num),sum(order_num) FROM `equipment` WHERE ( shop_id=57 ) LIMIT 1   [ RunTime:0.006000s ]
SQL: SELECT sum(looking_num),sum(order_num) FROM `equipment` WHERE ( shop_id=58 ) LIMIT 1   [ RunTime:0.005000s ]
SQL: SELECT sum(looking_num),sum(order_num) FROM `equipment` WHERE ( shop_id=59 ) LIMIT 1   [ RunTime:0.006000s ]

[ 2017-08-22T16:04:13+08:00 ] 127.0.0.1 /?s=/admin/Shop/ShoperList/token/3409cc5b6793fb2e1b8027885755338b
INFO: [ app_init ] --START--
INFO: Run Behavior\BuildLiteBehavior [ RunTime:0.000000s ]
INFO: [ app_init ] --END-- [ RunTime:0.000000s ]
INFO: [ app_begin ] --START--
INFO: Run Behavior\ReadHtmlCacheBehavior [ RunTime:0.000000s ]
INFO: [ app_begin ] --END-- [ RunTime:0.000000s ]
NOTIC: [8192] mysql_connect(): The mysql extension is deprecated and will be removed in the future: use mysqli or PDO instead E:\SharedMedia\ThinkPHP\Library\Think\Db\Driver\Mysql.class.php 第 52 行.
SQL: SHOW COLUMNS FROM `admin_user` [ RunTime:0.006000s ]
SQL: SELECT * FROM `admin_user` WHERE `token` = '3409cc5b6793fb2e1b8027885755338b' LIMIT 1   [ RunTime:0.005000s ]
SQL: SHOW COLUMNS FROM `user` [ RunTime:0.005001s ]
SQL: SELECT `id`,`equipment_num`,`money_count` FROM `user`  [ RunTime:0.006000s ]
SQL: SHOW COLUMNS FROM `equipment` [ RunTime:0.004000s ]
SQL: SELECT sum(looking_num),sum(order_num) FROM `equipment` WHERE ( shop_id=46 ) LIMIT 1   [ RunTime:0.006001s ]
SQL: SELECT sum(looking_num),sum(order_num) FROM `equipment` WHERE ( shop_id=55 ) LIMIT 1   [ RunTime:0.004000s ]
SQL: SELECT sum(looking_num),sum(order_num) FROM `equipment` WHERE ( shop_id=56 ) LIMIT 1   [ RunTime:0.005000s ]
SQL: SELECT sum(looking_num),sum(order_num) FROM `equipment` WHERE ( shop_id=57 ) LIMIT 1   [ RunTime:0.004000s ]
SQL: SELECT sum(looking_num),sum(order_num) FROM `equipment` WHERE ( shop_id=58 ) LIMIT 1   [ RunTime:0.005001s ]
SQL: SELECT sum(looking_num),sum(order_num) FROM `equipment` WHERE ( shop_id=59 ) LIMIT 1   [ RunTime:0.005000s ]

[ 2017-08-22T16:07:55+08:00 ] 127.0.0.1 /?s=/admin/Shop/ShoperList/token/3409cc5b6793fb2e1b8027885755338b
INFO: [ app_init ] --START--
INFO: Run Behavior\BuildLiteBehavior [ RunTime:0.000000s ]
INFO: [ app_init ] --END-- [ RunTime:0.001000s ]
INFO: [ app_begin ] --START--
INFO: Run Behavior\ReadHtmlCacheBehavior [ RunTime:0.001000s ]
INFO: [ app_begin ] --END-- [ RunTime:0.001000s ]
NOTIC: [8192] mysql_connect(): The mysql extension is deprecated and will be removed in the future: use mysqli or PDO instead E:\SharedMedia\ThinkPHP\Library\Think\Db\Driver\Mysql.class.php 第 52 行.
SQL: SHOW COLUMNS FROM `admin_user` [ RunTime:0.005001s ]
SQL: SELECT * FROM `admin_user` WHERE `token` = '3409cc5b6793fb2e1b8027885755338b' LIMIT 1   [ RunTime:0.005000s ]
SQL: SHOW COLUMNS FROM `user` [ RunTime:0.005000s ]
SQL: SELECT `id`,`equipment_num`,`money_count` FROM `user`  [ RunTime:0.005001s ]
SQL: SHOW COLUMNS FROM `equipment` [ RunTime:0.005000s ]
SQL: SELECT sum(looking_num),sum(order_num) FROM `equipment` WHERE ( shop_id=46 ) LIMIT 1   [ RunTime:0.006000s ]
SQL: SELECT sum(looking_num),sum(order_num) FROM `equipment` WHERE ( shop_id=55 ) LIMIT 1   [ RunTime:0.004000s ]
SQL: SELECT sum(looking_num),sum(order_num) FROM `equipment` WHERE ( shop_id=56 ) LIMIT 1   [ RunTime:0.004001s ]
SQL: SELECT sum(looking_num),sum(order_num) FROM `equipment` WHERE ( shop_id=57 ) LIMIT 1   [ RunTime:0.004000s ]
SQL: SELECT sum(looking_num),sum(order_num) FROM `equipment` WHERE ( shop_id=58 ) LIMIT 1   [ RunTime:0.004000s ]
SQL: SELECT sum(looking_num),sum(order_num) FROM `equipment` WHERE ( shop_id=59 ) LIMIT 1   [ RunTime:0.004000s ]
NOTIC: [2048] Non-static method Common\Common\Helper::response() should not be called statically, assuming $this from incompatible context E:\SharedMedia\Application\Admin\Controller\ShopController.class.php 第 36 行.

[ 2017-08-22T16:16:19+08:00 ] 127.0.0.1 /?s=/admin/Shop/withdrawalsLists/token/3409cc5b6793fb2e1b8027885755338b
INFO: [ app_init ] --START--
INFO: Run Behavior\BuildLiteBehavior [ RunTime:0.000000s ]
INFO: [ app_init ] --END-- [ RunTime:0.001000s ]
INFO: [ app_begin ] --START--
INFO: Run Behavior\ReadHtmlCacheBehavior [ RunTime:0.001000s ]
INFO: [ app_begin ] --END-- [ RunTime:0.001000s ]
NOTIC: [8192] mysql_connect(): The mysql extension is deprecated and will be removed in the future: use mysqli or PDO instead E:\SharedMedia\ThinkPHP\Library\Think\Db\Driver\Mysql.class.php 第 52 行.
SQL: SHOW COLUMNS FROM `admin_user` [ RunTime:0.005000s ]
SQL: SELECT * FROM `admin_user` WHERE `token` = '3409cc5b6793fb2e1b8027885755338b' LIMIT 1   [ RunTime:0.006000s ]
SQL: SHOW COLUMNS FROM `withdrawals` [ RunTime:0.004000s ]
SQL: SELECT * FROM `withdrawals` INNER JOIN user ON withdrawals.user_id=user.id   [ RunTime:0.007000s ]
INFO: [ app_end ] --START--
INFO: Run Behavior\ShowPageTraceBehavior [ RunTime:0.002000s ]
INFO: [ app_end ] --END-- [ RunTime:0.002000s ]

[ 2017-08-22T16:18:51+08:00 ] 127.0.0.1 /?s=/admin/Shop/withdrawalsLists/token/3409cc5b6793fb2e1b8027885755338b
INFO: [ app_init ] --START--
INFO: Run Behavior\BuildLiteBehavior [ RunTime:0.000000s ]
INFO: [ app_init ] --END-- [ RunTime:0.000000s ]
INFO: [ app_begin ] --START--
INFO: Run Behavior\ReadHtmlCacheBehavior [ RunTime:0.001000s ]
INFO: [ app_begin ] --END-- [ RunTime:0.001000s ]
NOTIC: [8192] mysql_connect(): The mysql extension is deprecated and will be removed in the future: use mysqli or PDO instead E:\SharedMedia\ThinkPHP\Library\Think\Db\Driver\Mysql.class.php 第 52 行.
SQL: SHOW COLUMNS FROM `admin_user` [ RunTime:0.005000s ]
SQL: SELECT * FROM `admin_user` WHERE `token` = '3409cc5b6793fb2e1b8027885755338b' LIMIT 1   [ RunTime:0.005000s ]
SQL: SHOW COLUMNS FROM `withdrawals` [ RunTime:0.004000s ]
SQL: SELECT withdrawals.w_id,withdrawals.money,withdrawals.create_time,withdrawals.create_ip,withdrawals.status,withdrawals.card_name,user.username,user.shop_name FROM `withdrawals` INNER JOIN user ON withdrawals.user_id=user.id   [ RunTime:0.004001s ]
INFO: [ app_end ] --START--
INFO: Run Behavior\ShowPageTraceBehavior [ RunTime:0.001000s ]
INFO: [ app_end ] --END-- [ RunTime:0.001000s ]

[ 2017-08-22T16:19:33+08:00 ] 127.0.0.1 /?s=/admin/Shop/withdrawalsLists/token/3409cc5b6793fb2e1b8027885755338b
INFO: [ app_init ] --START--
INFO: Run Behavior\BuildLiteBehavior [ RunTime:0.000000s ]
INFO: [ app_init ] --END-- [ RunTime:0.000000s ]
INFO: [ app_begin ] --START--
INFO: Run Behavior\ReadHtmlCacheBehavior [ RunTime:0.000000s ]
INFO: [ app_begin ] --END-- [ RunTime:0.000000s ]
NOTIC: [8192] mysql_connect(): The mysql extension is deprecated and will be removed in the future: use mysqli or PDO instead E:\SharedMedia\ThinkPHP\Library\Think\Db\Driver\Mysql.class.php 第 52 行.
SQL: SHOW COLUMNS FROM `admin_user` [ RunTime:0.006000s ]
SQL: SELECT * FROM `admin_user` WHERE `token` = '3409cc5b6793fb2e1b8027885755338b' LIMIT 1   [ RunTime:0.004001s ]
SQL: SHOW COLUMNS FROM `withdrawals` [ RunTime:0.005000s ]
SQL: SELECT withdrawals.w_id,withdrawals.money,withdrawals.create_time,withdrawals.create_ip,withdrawals.status,withdrawals.card_name,user.username,user.shop_name FROM `withdrawals` INNER JOIN user ON withdrawals.user_id=user.id   [ RunTime:0.005000s ]
NOTIC: [2048] Non-static method Common\Common\Helper::response() should not be called statically, assuming $this from incompatible context E:\SharedMedia\Application\Admin\Controller\ShopController.class.php 第 66 行.

[ 2017-08-22T16:36:41+08:00 ] 127.0.0.1 /?s=/admin/Shop/withdrawalsLists/token/3409cc5b6793fb2e1b8027885755338b
INFO: [ app_init ] --START--
INFO: Run Behavior\BuildLiteBehavior [ RunTime:0.000000s ]
INFO: [ app_init ] --END-- [ RunTime:0.000000s ]
INFO: [ app_begin ] --START--
INFO: Run Behavior\ReadHtmlCacheBehavior [ RunTime:0.001000s ]
INFO: [ app_begin ] --END-- [ RunTime:0.001000s ]

[ 2017-08-22T16:36:56+08:00 ] 127.0.0.1 /?s=/admin/Shop/withdrawalsLists/token/3409cc5b6793fb2e1b8027885755338b
INFO: [ app_init ] --START--
INFO: Run Behavior\BuildLiteBehavior [ RunTime:0.000000s ]
INFO: [ app_init ] --END-- [ RunTime:0.000000s ]
INFO: [ app_begin ] --START--
INFO: Run Behavior\ReadHtmlCacheBehavior [ RunTime:0.001000s ]
INFO: [ app_begin ] --END-- [ RunTime:0.001000s ]
NOTIC: [8192] mysql_connect(): The mysql extension is deprecated and will be removed in the future: use mysqli or PDO instead E:\SharedMedia\ThinkPHP\Library\Think\Db\Driver\Mysql.class.php 第 52 行.
SQL: SHOW COLUMNS FROM `admin_user` [ RunTime:0.006001s ]
SQL: SELECT * FROM `admin_user` WHERE `token` = '3409cc5b6793fb2e1b8027885755338b' LIMIT 1   [ RunTime:0.004000s ]
SQL: SHOW COLUMNS FROM `withdrawals` [ RunTime:0.004000s ]
SQL: SELECT withdrawals.w_id,withdrawals.money,withdrawals.create_time,withdrawals.create_ip,withdrawals.user_id,withdrawals.status,withdrawals.card_name,user.username,user.shop_name FROM `withdrawals` INNER JOIN user ON withdrawals.user_id=user.id   [ RunTime:0.006001s ]
NOTIC: [2048] Non-static method Common\Common\Helper::response() should not be called statically, assuming $this from incompatible context E:\SharedMedia\Application\Admin\Controller\ShopController.class.php 第 66 行.

[ 2017-08-22T17:47:01+08:00 ] 127.0.0.1 /?s=/admin/Pad/PadDamage/token/3409cc5b6793fb2e1b8027885755338b
INFO: [ app_init ] --START--
INFO: Run Behavior\BuildLiteBehavior [ RunTime:0.000000s ]
INFO: [ app_init ] --END-- [ RunTime:0.000000s ]
INFO: [ app_begin ] --START--
INFO: Run Behavior\ReadHtmlCacheBehavior [ RunTime:0.001001s ]
INFO: [ app_begin ] --END-- [ RunTime:0.001001s ]
NOTIC: [8192] mysql_connect(): The mysql extension is deprecated and will be removed in the future: use mysqli or PDO instead E:\SharedMedia\ThinkPHP\Library\Think\Db\Driver\Mysql.class.php 第 52 行.
SQL: SHOW COLUMNS FROM `admin_user` [ RunTime:0.006000s ]
SQL: SELECT * FROM `admin_user` WHERE `token` = '3409cc5b6793fb2e1b8027885755338b' LIMIT 1   [ RunTime:0.006001s ]
SQL: SHOW COLUMNS FROM `fault` [ RunTime:0.005000s ]
SQL: SELECT * FROM `fault` ORDER BY end_time desc  [ RunTime:0.006000s ]
INFO: [ app_end ] --START--
INFO: Run Behavior\ShowPageTraceBehavior [ RunTime:0.001000s ]
INFO: [ app_end ] --END-- [ RunTime:0.001000s ]

[ 2017-08-22T17:48:59+08:00 ] 127.0.0.1 /?s=/admin/Pad/PadDamage/token/3409cc5b6793fb2e1b8027885755338b
INFO: [ app_init ] --START--
INFO: Run Behavior\BuildLiteBehavior [ RunTime:0.000000s ]
INFO: [ app_init ] --END-- [ RunTime:0.000000s ]
INFO: [ app_begin ] --START--
INFO: Run Behavior\ReadHtmlCacheBehavior [ RunTime:0.001000s ]
INFO: [ app_begin ] --END-- [ RunTime:0.001000s ]
NOTIC: [8192] mysql_connect(): The mysql extension is deprecated and will be removed in the future: use mysqli or PDO instead E:\SharedMedia\ThinkPHP\Library\Think\Db\Driver\Mysql.class.php 第 52 行.
SQL: SHOW COLUMNS FROM `admin_user` [ RunTime:0.005000s ]
SQL: SELECT * FROM `admin_user` WHERE `token` = '3409cc5b6793fb2e1b8027885755338b' LIMIT 1   [ RunTime:0.005001s ]
SQL: SHOW COLUMNS FROM `fault` [ RunTime:0.007000s ]
SQL: SELECT * FROM `fault` ORDER BY end_time desc  [ RunTime:0.006000s ]
INFO: [ app_end ] --START--
INFO: Run Behavior\ShowPageTraceBehavior [ RunTime:0.001001s ]
INFO: [ app_end ] --END-- [ RunTime:0.001001s ]

[ 2017-08-22T17:50:01+08:00 ] 127.0.0.1 /?s=/admin/Pad/PadDamage/token/3409cc5b6793fb2e1b8027885755338b
INFO: [ app_init ] --START--
INFO: Run Behavior\BuildLiteBehavior [ RunTime:0.000000s ]
INFO: [ app_init ] --END-- [ RunTime:0.000000s ]
INFO: [ app_begin ] --START--
INFO: Run Behavior\ReadHtmlCacheBehavior [ RunTime:0.001000s ]
INFO: [ app_begin ] --END-- [ RunTime:0.001000s ]
NOTIC: [8192] mysql_connect(): The mysql extension is deprecated and will be removed in the future: use mysqli or PDO instead E:\SharedMedia\ThinkPHP\Library\Think\Db\Driver\Mysql.class.php 第 52 行.
SQL: SHOW COLUMNS FROM `admin_user` [ RunTime:0.006000s ]
SQL: SELECT * FROM `admin_user` WHERE `token` = '3409cc5b6793fb2e1b8027885755338b' LIMIT 1   [ RunTime:0.006001s ]
SQL: SHOW COLUMNS FROM `fault` [ RunTime:0.007000s ]
SQL: SELECT * FROM `fault` ORDER BY end_time desc  [ RunTime:0.005000s ]
NOTIC: [2048] Non-static method Common\Common\Helper::response() should not be called statically, assuming $this from incompatible context E:\SharedMedia\Application\Admin\Controller\PadController.class.php 第 39 行.

