[ 2017-08-28T17:23:42+08:00 ] 127.0.0.1 /?s=/admin/manager/index/token/64af9a94f48544854f892112NCT1SLwfHEI
INFO: [ app_init ] --START--
INFO: Run Behavior\BuildLiteBehavior [ RunTime:0.000000s ]
INFO: [ app_init ] --END-- [ RunTime:0.002000s ]
INFO: [ app_begin ] --START--
INFO: Run Behavior\ReadHtmlCacheBehavior [ RunTime:0.001000s ]
INFO: [ app_begin ] --END-- [ RunTime:0.001000s ]
NOTIC: [8192] mysql_connect(): The mysql extension is deprecated and will be removed in the future: use mysqli or PDO instead E:\SharedMedia\ThinkPHP\Library\Think\Db\Driver\Mysql.class.php 第 52 行.
SQL: SHOW COLUMNS FROM `admin_user` [ RunTime:0.007001s ]
SQL: SELECT * FROM `admin_user` WHERE `token` = '64af9a94f48544854f892112NCT1SLwfHEI' LIMIT 1   [ RunTime:0.005000s ]
NOTIC: [2048] Non-static method Common\Common\Helper::response() should not be called statically, assuming $this from incompatible context E:\SharedMedia\Application\Admin\Controller\RuleController.class.php 第 23 行.

[ 2017-08-28T17:24:09+08:00 ] 127.0.0.1 /?s=/admin/manager/index/token/b7caabc99301d9448e9bbc14fa9660a7
INFO: [ app_init ] --START--
INFO: Run Behavior\BuildLiteBehavior [ RunTime:0.000000s ]
INFO: [ app_init ] --END-- [ RunTime:0.000000s ]
INFO: [ app_begin ] --START--
INFO: Run Behavior\ReadHtmlCacheBehavior [ RunTime:0.001000s ]
INFO: [ app_begin ] --END-- [ RunTime:0.001000s ]
NOTIC: [8192] mysql_connect(): The mysql extension is deprecated and will be removed in the future: use mysqli or PDO instead E:\SharedMedia\ThinkPHP\Library\Think\Db\Driver\Mysql.class.php 第 52 行.
SQL: SHOW COLUMNS FROM `admin_user` [ RunTime:0.005000s ]
SQL: SELECT * FROM `admin_user` WHERE `token` = 'b7caabc99301d9448e9bbc14fa9660a7' LIMIT 1   [ RunTime:0.005000s ]
INFO: [ app_end ] --START--
INFO: Run Behavior\ShowPageTraceBehavior [ RunTime:0.002000s ]
INFO: [ app_end ] --END-- [ RunTime:0.002000s ]

[ 2017-08-28T17:24:32+08:00 ] 127.0.0.1 /?s=/admin/pad/abnormalLists/token/b7caabc99301d9448e9bbc14fa9660a7
INFO: [ app_init ] --START--
INFO: Run Behavior\BuildLiteBehavior [ RunTime:0.000000s ]
INFO: [ app_init ] --END-- [ RunTime:0.000000s ]
INFO: [ app_begin ] --START--
INFO: Run Behavior\ReadHtmlCacheBehavior [ RunTime:0.001000s ]
INFO: [ app_begin ] --END-- [ RunTime:0.001000s ]
NOTIC: [8192] mysql_connect(): The mysql extension is deprecated and will be removed in the future: use mysqli or PDO instead E:\SharedMedia\ThinkPHP\Library\Think\Db\Driver\Mysql.class.php 第 52 行.
SQL: SHOW COLUMNS FROM `admin_user` [ RunTime:0.007000s ]
SQL: SELECT * FROM `admin_user` WHERE `token` = 'b7caabc99301d9448e9bbc14fa9660a7' LIMIT 1   [ RunTime:0.007001s ]
SQL: SHOW COLUMNS FROM `abnormal` [ RunTime:0.006000s ]
SQL: SELECT * FROM `abnormal` ORDER BY abmprmal_time asc  [ RunTime:0.023001s ]
NOTIC: [2048] Non-static method Common\Common\Helper::response() should not be called statically, assuming $this from incompatible context E:\SharedMedia\Application\Admin\Controller\PadController.class.php 第 64 行.

[ 2017-08-28T17:24:56+08:00 ] 127.0.0.1 /?s=/admin/pad/abnormalLists/token/b7caabc99301d9448e9bbc14fa9660a7
INFO: [ app_init ] --START--
INFO: Run Behavior\BuildLiteBehavior [ RunTime:0.000000s ]
INFO: [ app_init ] --END-- [ RunTime:0.001000s ]
INFO: [ app_begin ] --START--
INFO: Run Behavior\ReadHtmlCacheBehavior [ RunTime:0.001000s ]
INFO: [ app_begin ] --END-- [ RunTime:0.001000s ]
NOTIC: [8192] mysql_connect(): The mysql extension is deprecated and will be removed in the future: use mysqli or PDO instead E:\SharedMedia\ThinkPHP\Library\Think\Db\Driver\Mysql.class.php 第 52 行.
SQL: SHOW COLUMNS FROM `admin_user` [ RunTime:0.005001s ]
SQL: SELECT * FROM `admin_user` WHERE `token` = 'b7caabc99301d9448e9bbc14fa9660a7' LIMIT 1   [ RunTime:0.005000s ]
SQL: SHOW COLUMNS FROM `abnormal` [ RunTime:0.005000s ]
SQL: SELECT * FROM `abnormal` ORDER BY abmprmal_time asc  [ RunTime:0.006001s ]
NOTIC: [2048] Non-static method Common\Common\Helper::response() should not be called statically, assuming $this from incompatible context E:\SharedMedia\Application\Admin\Controller\PadController.class.php 第 64 行.

[ 2017-08-28T17:39:19+08:00 ] 127.0.0.1 /?s=/admin/pad/abnormalLists/token/b7caabc99301d9448e9bbc14fa9660a7
INFO: [ app_init ] --START--
INFO: Run Behavior\BuildLiteBehavior [ RunTime:0.000000s ]
INFO: [ app_init ] --END-- [ RunTime:0.000000s ]
INFO: [ app_begin ] --START--
INFO: Run Behavior\ReadHtmlCacheBehavior [ RunTime:0.001000s ]
INFO: [ app_begin ] --END-- [ RunTime:0.001000s ]
NOTIC: [8192] mysql_connect(): The mysql extension is deprecated and will be removed in the future: use mysqli or PDO instead E:\SharedMedia\ThinkPHP\Library\Think\Db\Driver\Mysql.class.php 第 52 行.
SQL: SHOW COLUMNS FROM `admin_user` [ RunTime:0.005000s ]
SQL: SELECT * FROM `admin_user` WHERE `token` = 'b7caabc99301d9448e9bbc14fa9660a7' LIMIT 1   [ RunTime:0.004001s ]
SQL: SHOW COLUMNS FROM `abnormal` [ RunTime:0.007000s ]
SQL: SELECT COUNT(*) AS tp_count FROM `abnormal` LIMIT 1   [ RunTime:0.005000s ]
SQL: SELECT * FROM `abnormal` LIMIT 0,6   [ RunTime:0.006001s ]
NOTIC: [2048] Non-static method Common\Common\Helper::response() should not be called statically, assuming $this from incompatible context E:\SharedMedia\Application\Admin\Controller\PadController.class.php 第 61 行.

[ 2017-08-28T17:39:44+08:00 ] 127.0.0.1 /?s=/admin/pad/abnormalLists/token/b7caabc99301d9448e9bbc14fa9660a7
INFO: [ app_init ] --START--
INFO: Run Behavior\BuildLiteBehavior [ RunTime:0.000000s ]
INFO: [ app_init ] --END-- [ RunTime:0.001000s ]
INFO: [ app_begin ] --START--
INFO: Run Behavior\ReadHtmlCacheBehavior [ RunTime:0.001000s ]
INFO: [ app_begin ] --END-- [ RunTime:0.001000s ]
NOTIC: [8192] mysql_connect(): The mysql extension is deprecated and will be removed in the future: use mysqli or PDO instead E:\SharedMedia\ThinkPHP\Library\Think\Db\Driver\Mysql.class.php 第 52 行.
SQL: SHOW COLUMNS FROM `admin_user` [ RunTime:0.005000s ]
SQL: SELECT * FROM `admin_user` WHERE `token` = 'b7caabc99301d9448e9bbc14fa9660a7' LIMIT 1   [ RunTime:0.006000s ]
SQL: SHOW COLUMNS FROM `abnormal` [ RunTime:0.005000s ]
SQL: SELECT COUNT(*) AS tp_count FROM `abnormal` LIMIT 1   [ RunTime:0.004001s ]
SQL: SELECT * FROM `abnormal` LIMIT 0,6   [ RunTime:0.005000s ]
NOTIC: [2048] Non-static method Common\Common\Helper::response() should not be called statically, assuming $this from incompatible context E:\SharedMedia\Application\Admin\Controller\PadController.class.php 第 61 行.

[ 2017-08-28T17:39:53+08:00 ] 127.0.0.1 /?s=/admin/pad/abnormalLists/token/b7caabc99301d9448e9bbc14fa9660a7/page=2
INFO: [ app_init ] --START--
INFO: Run Behavior\BuildLiteBehavior [ RunTime:0.000000s ]
INFO: [ app_init ] --END-- [ RunTime:0.001000s ]
INFO: [ app_begin ] --START--
INFO: Run Behavior\ReadHtmlCacheBehavior [ RunTime:0.001000s ]
INFO: [ app_begin ] --END-- [ RunTime:0.001000s ]
NOTIC: [8192] mysql_connect(): The mysql extension is deprecated and will be removed in the future: use mysqli or PDO instead E:\SharedMedia\ThinkPHP\Library\Think\Db\Driver\Mysql.class.php 第 52 行.
SQL: SHOW COLUMNS FROM `admin_user` [ RunTime:0.008000s ]
SQL: SELECT * FROM `admin_user` WHERE `token` = 'b7caabc99301d9448e9bbc14fa9660a7' LIMIT 1   [ RunTime:0.007001s ]
SQL: SHOW COLUMNS FROM `abnormal` [ RunTime:0.007000s ]
SQL: SELECT COUNT(*) AS tp_count FROM `abnormal` LIMIT 1   [ RunTime:0.007001s ]
SQL: SELECT * FROM `abnormal` LIMIT 0,6   [ RunTime:0.005000s ]
NOTIC: [2048] Non-static method Common\Common\Helper::response() should not be called statically, assuming $this from incompatible context E:\SharedMedia\Application\Admin\Controller\PadController.class.php 第 61 行.

[ 2017-08-28T17:40:06+08:00 ] 127.0.0.1 /?s=/admin/pad/abnormalLists/token/b7caabc99301d9448e9bbc14fa9660a7/page=3
INFO: [ app_init ] --START--
INFO: Run Behavior\BuildLiteBehavior [ RunTime:0.000000s ]
INFO: [ app_init ] --END-- [ RunTime:0.001000s ]
INFO: [ app_begin ] --START--
INFO: Run Behavior\ReadHtmlCacheBehavior [ RunTime:0.001000s ]
INFO: [ app_begin ] --END-- [ RunTime:0.001000s ]
NOTIC: [8192] mysql_connect(): The mysql extension is deprecated and will be removed in the future: use mysqli or PDO instead E:\SharedMedia\ThinkPHP\Library\Think\Db\Driver\Mysql.class.php 第 52 行.
SQL: SHOW COLUMNS FROM `admin_user` [ RunTime:0.006001s ]
SQL: SELECT * FROM `admin_user` WHERE `token` = 'b7caabc99301d9448e9bbc14fa9660a7' LIMIT 1   [ RunTime:0.006000s ]
SQL: SHOW COLUMNS FROM `abnormal` [ RunTime:0.007000s ]
SQL: SELECT COUNT(*) AS tp_count FROM `abnormal` LIMIT 1   [ RunTime:0.006001s ]
SQL: SELECT * FROM `abnormal` LIMIT 0,6   [ RunTime:0.004000s ]
NOTIC: [2048] Non-static method Common\Common\Helper::response() should not be called statically, assuming $this from incompatible context E:\SharedMedia\Application\Admin\Controller\PadController.class.php 第 61 行.

[ 2017-08-28T17:40:17+08:00 ] 127.0.0.1 /?s=/admin/pad/abnormalLists/token/b7caabc99301d9448e9bbc14fa9660a7
INFO: [ app_init ] --START--
INFO: Run Behavior\BuildLiteBehavior [ RunTime:0.000000s ]
INFO: [ app_init ] --END-- [ RunTime:0.000000s ]
INFO: [ app_begin ] --START--
INFO: Run Behavior\ReadHtmlCacheBehavior [ RunTime:0.000000s ]
INFO: [ app_begin ] --END-- [ RunTime:0.000000s ]
NOTIC: [8192] mysql_connect(): The mysql extension is deprecated and will be removed in the future: use mysqli or PDO instead E:\SharedMedia\ThinkPHP\Library\Think\Db\Driver\Mysql.class.php 第 52 行.
SQL: SHOW COLUMNS FROM `admin_user` [ RunTime:0.005000s ]
SQL: SELECT * FROM `admin_user` WHERE `token` = 'b7caabc99301d9448e9bbc14fa9660a7' LIMIT 1   [ RunTime:0.005000s ]
SQL: SHOW COLUMNS FROM `abnormal` [ RunTime:0.005001s ]
SQL: SELECT COUNT(*) AS tp_count FROM `abnormal` LIMIT 1   [ RunTime:0.006000s ]
SQL: SELECT * FROM `abnormal` LIMIT 0,6   [ RunTime:0.006000s ]
NOTIC: [2048] Non-static method Common\Common\Helper::response() should not be called statically, assuming $this from incompatible context E:\SharedMedia\Application\Admin\Controller\PadController.class.php 第 61 行.

[ 2017-08-28T17:41:41+08:00 ] 127.0.0.1 /?s=/admin/pad/abnormalLists/token/b7caabc99301d9448e9bbc14fa9660a7
INFO: [ app_init ] --START--
INFO: Run Behavior\BuildLiteBehavior [ RunTime:0.000000s ]
INFO: [ app_init ] --END-- [ RunTime:0.001000s ]
INFO: [ app_begin ] --START--
INFO: Run Behavior\ReadHtmlCacheBehavior [ RunTime:0.000000s ]
INFO: [ app_begin ] --END-- [ RunTime:0.000000s ]
NOTIC: [8192] mysql_connect(): The mysql extension is deprecated and will be removed in the future: use mysqli or PDO instead E:\SharedMedia\ThinkPHP\Library\Think\Db\Driver\Mysql.class.php 第 52 行.
SQL: SHOW COLUMNS FROM `admin_user` [ RunTime:0.005000s ]
SQL: SELECT * FROM `admin_user` WHERE `token` = 'b7caabc99301d9448e9bbc14fa9660a7' LIMIT 1   [ RunTime:0.005000s ]

[ 2017-08-28T17:41:47+08:00 ] 127.0.0.1 /?s=/admin/pad/abnormalLists/token/b7caabc99301d9448e9bbc14fa9660a7/page=2
INFO: [ app_init ] --START--
INFO: Run Behavior\BuildLiteBehavior [ RunTime:0.000000s ]
INFO: [ app_init ] --END-- [ RunTime:0.001000s ]
INFO: [ app_begin ] --START--
INFO: Run Behavior\ReadHtmlCacheBehavior [ RunTime:0.001000s ]
INFO: [ app_begin ] --END-- [ RunTime:0.001000s ]
NOTIC: [8192] mysql_connect(): The mysql extension is deprecated and will be removed in the future: use mysqli or PDO instead E:\SharedMedia\ThinkPHP\Library\Think\Db\Driver\Mysql.class.php 第 52 行.
SQL: SHOW COLUMNS FROM `admin_user` [ RunTime:0.005000s ]
SQL: SELECT * FROM `admin_user` WHERE `token` = 'b7caabc99301d9448e9bbc14fa9660a7' LIMIT 1   [ RunTime:0.005000s ]

[ 2017-08-28T17:41:52+08:00 ] 127.0.0.1 /?s=/admin/pad/abnormalLists/token/b7caabc99301d9448e9bbc14fa9660a7&page=2
INFO: [ app_init ] --START--
INFO: Run Behavior\BuildLiteBehavior [ RunTime:0.000000s ]
INFO: [ app_init ] --END-- [ RunTime:0.000000s ]
INFO: [ app_begin ] --START--
INFO: Run Behavior\ReadHtmlCacheBehavior [ RunTime:0.000000s ]
INFO: [ app_begin ] --END-- [ RunTime:0.000000s ]
NOTIC: [8192] mysql_connect(): The mysql extension is deprecated and will be removed in the future: use mysqli or PDO instead E:\SharedMedia\ThinkPHP\Library\Think\Db\Driver\Mysql.class.php 第 52 行.
SQL: SHOW COLUMNS FROM `admin_user` [ RunTime:0.005000s ]
SQL: SELECT * FROM `admin_user` WHERE `token` = 'b7caabc99301d9448e9bbc14fa9660a7' LIMIT 1   [ RunTime:0.004000s ]

[ 2017-08-28T17:42:01+08:00 ] 127.0.0.1 /?s=/admin/pad/abnormalLists/token/b7caabc99301d9448e9bbc14fa9660a7&page=2
INFO: [ app_init ] --START--
INFO: Run Behavior\BuildLiteBehavior [ RunTime:0.000000s ]
INFO: [ app_init ] --END-- [ RunTime:0.000000s ]
INFO: [ app_begin ] --START--
INFO: Run Behavior\ReadHtmlCacheBehavior [ RunTime:0.001000s ]
INFO: [ app_begin ] --END-- [ RunTime:0.001000s ]
NOTIC: [8192] mysql_connect(): The mysql extension is deprecated and will be removed in the future: use mysqli or PDO instead E:\SharedMedia\ThinkPHP\Library\Think\Db\Driver\Mysql.class.php 第 52 行.
SQL: SHOW COLUMNS FROM `admin_user` [ RunTime:0.006001s ]
SQL: SELECT * FROM `admin_user` WHERE `token` = 'b7caabc99301d9448e9bbc14fa9660a7' LIMIT 1   [ RunTime:0.006000s ]
SQL: SHOW COLUMNS FROM `abnormal` [ RunTime:0.006000s ]
SQL: SELECT COUNT(*) AS tp_count FROM `abnormal` LIMIT 1   [ RunTime:0.005001s ]
SQL: SELECT * FROM `abnormal` LIMIT 6,6   [ RunTime:0.006000s ]
NOTIC: [2048] Non-static method Common\Common\Helper::response() should not be called statically, assuming $this from incompatible context E:\SharedMedia\Application\Admin\Controller\PadController.class.php 第 61 行.

[ 2017-08-28T17:43:28+08:00 ] 127.0.0.1 /?s=/admin/pad/abnormalLists/token/b7caabc99301d9448e9bbc14fa9660a7&page=2
INFO: [ app_init ] --START--
INFO: Run Behavior\BuildLiteBehavior [ RunTime:0.000000s ]
INFO: [ app_init ] --END-- [ RunTime:0.001000s ]
INFO: [ app_begin ] --START--
INFO: Run Behavior\ReadHtmlCacheBehavior [ RunTime:0.001000s ]
INFO: [ app_begin ] --END-- [ RunTime:0.001000s ]
NOTIC: [8192] mysql_connect(): The mysql extension is deprecated and will be removed in the future: use mysqli or PDO instead E:\SharedMedia\ThinkPHP\Library\Think\Db\Driver\Mysql.class.php 第 52 行.
SQL: SHOW COLUMNS FROM `admin_user` [ RunTime:0.005001s ]
SQL: SELECT * FROM `admin_user` WHERE `token` = 'b7caabc99301d9448e9bbc14fa9660a7' LIMIT 1   [ RunTime:0.006000s ]

[ 2017-08-28T17:43:44+08:00 ] 127.0.0.1 /?s=/admin/pad/abnormalLists/token/b7caabc99301d9448e9bbc14fa9660a7&page=2
INFO: [ app_init ] --START--
INFO: Run Behavior\BuildLiteBehavior [ RunTime:0.000000s ]
INFO: [ app_init ] --END-- [ RunTime:0.000000s ]
INFO: [ app_begin ] --START--
INFO: Run Behavior\ReadHtmlCacheBehavior [ RunTime:0.001000s ]
INFO: [ app_begin ] --END-- [ RunTime:0.001000s ]
NOTIC: [8192] mysql_connect(): The mysql extension is deprecated and will be removed in the future: use mysqli or PDO instead E:\SharedMedia\ThinkPHP\Library\Think\Db\Driver\Mysql.class.php 第 52 行.
SQL: SHOW COLUMNS FROM `admin_user` [ RunTime:0.005001s ]
SQL: SELECT * FROM `admin_user` WHERE `token` = 'b7caabc99301d9448e9bbc14fa9660a7' LIMIT 1   [ RunTime:0.006000s ]

[ 2017-08-28T17:44:26+08:00 ] 127.0.0.1 /?s=/admin/pad/abnormalLists/token/b7caabc99301d9448e9bbc14fa9660a7&page=2
INFO: [ app_init ] --START--
INFO: Run Behavior\BuildLiteBehavior [ RunTime:0.000000s ]
INFO: [ app_init ] --END-- [ RunTime:0.000000s ]
INFO: [ app_begin ] --START--
INFO: Run Behavior\ReadHtmlCacheBehavior [ RunTime:0.000000s ]
INFO: [ app_begin ] --END-- [ RunTime:0.000000s ]
NOTIC: [8192] mysql_connect(): The mysql extension is deprecated and will be removed in the future: use mysqli or PDO instead E:\SharedMedia\ThinkPHP\Library\Think\Db\Driver\Mysql.class.php 第 52 行.
SQL: SHOW COLUMNS FROM `admin_user` [ RunTime:0.004001s ]
SQL: SELECT * FROM `admin_user` WHERE `token` = 'b7caabc99301d9448e9bbc14fa9660a7' LIMIT 1   [ RunTime:0.005000s ]

[ 2017-08-28T17:44:36+08:00 ] 127.0.0.1 /?s=/admin/pad/abnormalLists/token/b7caabc99301d9448e9bbc14fa9660a7&page=2
INFO: [ app_init ] --START--
INFO: Run Behavior\BuildLiteBehavior [ RunTime:0.000000s ]
INFO: [ app_init ] --END-- [ RunTime:0.000000s ]
INFO: [ app_begin ] --START--
INFO: Run Behavior\ReadHtmlCacheBehavior [ RunTime:0.000000s ]
INFO: [ app_begin ] --END-- [ RunTime:0.000000s ]
NOTIC: [8192] mysql_connect(): The mysql extension is deprecated and will be removed in the future: use mysqli or PDO instead E:\SharedMedia\ThinkPHP\Library\Think\Db\Driver\Mysql.class.php 第 52 行.
SQL: SHOW COLUMNS FROM `admin_user` [ RunTime:0.007000s ]
SQL: SELECT * FROM `admin_user` WHERE `token` = 'b7caabc99301d9448e9bbc14fa9660a7' LIMIT 1   [ RunTime:0.006000s ]

[ 2017-08-28T17:46:56+08:00 ] 127.0.0.1 /?s=/admin/pad/abnormalLists/token/b7caabc99301d9448e9bbc14fa9660a7&page=2
INFO: [ app_init ] --START--
INFO: Run Behavior\BuildLiteBehavior [ RunTime:0.000000s ]
INFO: [ app_init ] --END-- [ RunTime:0.001000s ]
INFO: [ app_begin ] --START--
INFO: Run Behavior\ReadHtmlCacheBehavior [ RunTime:0.001000s ]
INFO: [ app_begin ] --END-- [ RunTime:0.001000s ]
NOTIC: [8192] mysql_connect(): The mysql extension is deprecated and will be removed in the future: use mysqli or PDO instead E:\SharedMedia\ThinkPHP\Library\Think\Db\Driver\Mysql.class.php 第 52 行.
SQL: SHOW COLUMNS FROM `admin_user` [ RunTime:0.005000s ]
SQL: SELECT * FROM `admin_user` WHERE `token` = 'b7caabc99301d9448e9bbc14fa9660a7' LIMIT 1   [ RunTime:0.005001s ]

[ 2017-08-28T17:46:57+08:00 ] 127.0.0.1 /?s=/admin/pad/abnormalLists/token/b7caabc99301d9448e9bbc14fa9660a7&page=2
INFO: [ app_init ] --START--
INFO: Run Behavior\BuildLiteBehavior [ RunTime:0.000000s ]
INFO: [ app_init ] --END-- [ RunTime:0.000000s ]
INFO: [ app_begin ] --START--
INFO: Run Behavior\ReadHtmlCacheBehavior [ RunTime:0.000000s ]
INFO: [ app_begin ] --END-- [ RunTime:0.000000s ]
NOTIC: [8192] mysql_connect(): The mysql extension is deprecated and will be removed in the future: use mysqli or PDO instead E:\SharedMedia\ThinkPHP\Library\Think\Db\Driver\Mysql.class.php 第 52 行.
SQL: SHOW COLUMNS FROM `admin_user` [ RunTime:0.005000s ]
SQL: SELECT * FROM `admin_user` WHERE `token` = 'b7caabc99301d9448e9bbc14fa9660a7' LIMIT 1   [ RunTime:0.006000s ]

[ 2017-08-28T17:46:57+08:00 ] 127.0.0.1 /?s=/admin/pad/abnormalLists/token/b7caabc99301d9448e9bbc14fa9660a7&page=2
INFO: [ app_init ] --START--
INFO: Run Behavior\BuildLiteBehavior [ RunTime:0.000000s ]
INFO: [ app_init ] --END-- [ RunTime:0.000000s ]
INFO: [ app_begin ] --START--
INFO: Run Behavior\ReadHtmlCacheBehavior [ RunTime:0.001000s ]
INFO: [ app_begin ] --END-- [ RunTime:0.001000s ]
NOTIC: [8192] mysql_connect(): The mysql extension is deprecated and will be removed in the future: use mysqli or PDO instead E:\SharedMedia\ThinkPHP\Library\Think\Db\Driver\Mysql.class.php 第 52 行.
SQL: SHOW COLUMNS FROM `admin_user` [ RunTime:0.007001s ]
SQL: SELECT * FROM `admin_user` WHERE `token` = 'b7caabc99301d9448e9bbc14fa9660a7' LIMIT 1   [ RunTime:0.005000s ]

[ 2017-08-28T17:51:22+08:00 ] 127.0.0.1 /?s=/admin/pad/abnormalLists/token/b7caabc99301d9448e9bbc14fa9660a7&page=2
INFO: [ app_init ] --START--
INFO: Run Behavior\BuildLiteBehavior [ RunTime:0.000000s ]
INFO: [ app_init ] --END-- [ RunTime:0.001000s ]
INFO: [ app_begin ] --START--
INFO: Run Behavior\ReadHtmlCacheBehavior [ RunTime:0.000000s ]
INFO: [ app_begin ] --END-- [ RunTime:0.000000s ]
NOTIC: [8192] mysql_connect(): The mysql extension is deprecated and will be removed in the future: use mysqli or PDO instead E:\SharedMedia\ThinkPHP\Library\Think\Db\Driver\Mysql.class.php 第 52 行.
SQL: SHOW COLUMNS FROM `admin_user` [ RunTime:0.007000s ]
SQL: SELECT * FROM `admin_user` WHERE `token` = 'b7caabc99301d9448e9bbc14fa9660a7' LIMIT 1   [ RunTime:0.005001s ]

[ 2017-08-28T17:53:09+08:00 ] 127.0.0.1 /?s=/admin/pad/abnormalLists/token/b7caabc99301d9448e9bbc14fa9660a7&page=2
INFO: [ app_init ] --START--
INFO: Run Behavior\BuildLiteBehavior [ RunTime:0.000000s ]
INFO: [ app_init ] --END-- [ RunTime:0.000000s ]
INFO: [ app_begin ] --START--
INFO: Run Behavior\ReadHtmlCacheBehavior [ RunTime:0.001000s ]
INFO: [ app_begin ] --END-- [ RunTime:0.001000s ]
NOTIC: [8192] mysql_connect(): The mysql extension is deprecated and will be removed in the future: use mysqli or PDO instead E:\SharedMedia\ThinkPHP\Library\Think\Db\Driver\Mysql.class.php 第 52 行.
SQL: SHOW COLUMNS FROM `admin_user` [ RunTime:0.005000s ]
SQL: SELECT * FROM `admin_user` WHERE `token` = 'b7caabc99301d9448e9bbc14fa9660a7' LIMIT 1   [ RunTime:0.006001s ]

[ 2017-08-28T17:55:13+08:00 ] 127.0.0.1 /?s=/admin/pad/abnormalLists/token/b7caabc99301d9448e9bbc14fa9660a7&page=2
INFO: [ app_init ] --START--
INFO: Run Behavior\BuildLiteBehavior [ RunTime:0.000000s ]
INFO: [ app_init ] --END-- [ RunTime:0.001000s ]
INFO: [ app_begin ] --START--
INFO: Run Behavior\ReadHtmlCacheBehavior [ RunTime:0.001000s ]
INFO: [ app_begin ] --END-- [ RunTime:0.001000s ]
NOTIC: [8192] mysql_connect(): The mysql extension is deprecated and will be removed in the future: use mysqli or PDO instead E:\SharedMedia\ThinkPHP\Library\Think\Db\Driver\Mysql.class.php 第 52 行.
SQL: SHOW COLUMNS FROM `admin_user` [ RunTime:0.006000s ]
SQL: SELECT * FROM `admin_user` WHERE `token` = 'b7caabc99301d9448e9bbc14fa9660a7' LIMIT 1   [ RunTime:0.006000s ]

[ 2017-08-28T18:02:36+08:00 ] 127.0.0.1 /?s=/admin/pad/abnormalLists/token/b7caabc99301d9448e9bbc14fa9660a7&page=2
INFO: [ app_init ] --START--
INFO: Run Behavior\BuildLiteBehavior [ RunTime:0.000000s ]
INFO: [ app_init ] --END-- [ RunTime:0.000000s ]
INFO: [ app_begin ] --START--
INFO: Run Behavior\ReadHtmlCacheBehavior [ RunTime:0.001000s ]
INFO: [ app_begin ] --END-- [ RunTime:0.001000s ]
NOTIC: [8192] mysql_connect(): The mysql extension is deprecated and will be removed in the future: use mysqli or PDO instead E:\SharedMedia\ThinkPHP\Library\Think\Db\Driver\Mysql.class.php 第 52 行.
SQL: SHOW COLUMNS FROM `admin_user` [ RunTime:0.006000s ]
SQL: SELECT * FROM `admin_user` WHERE `token` = 'b7caabc99301d9448e9bbc14fa9660a7' LIMIT 1   [ RunTime:0.005001s ]
SQL: SHOW COLUMNS FROM `abnormal` [ RunTime:0.004000s ]
SQL: SELECT COUNT(*) AS tp_count FROM `abnormal` WHERE ( abmprmal_time asc ) LIMIT 1   [ RunTime:0.003000s ]
ERR: 1064:You have an error in your SQL syntax; check the manual that corresponds to your MySQL server version for the right syntax to use near 'asc ) LIMIT 1' at line 1
 [ SQL语句 ] : SELECT COUNT(*) AS tp_count FROM `abnormal` WHERE ( abmprmal_time asc ) LIMIT 1  
SQL: SELECT * FROM `abnormal` WHERE ( abmprmal_time asc ) LIMIT 6,6   [ RunTime:0.003001s ]
ERR: 1064:You have an error in your SQL syntax; check the manual that corresponds to your MySQL server version for the right syntax to use near 'asc ) LIMIT 6,6' at line 1
 [ SQL语句 ] : SELECT * FROM `abnormal` WHERE ( abmprmal_time asc ) LIMIT 6,6  
NOTIC: [2] Invalid argument supplied for foreach() E:\SharedMedia\Application\Admin\Controller\PadController.class.php 第 59 行.
NOTIC: [2048] Non-static method Common\Common\Helper::response() should not be called statically, assuming $this from incompatible context E:\SharedMedia\Application\Admin\Controller\PadController.class.php 第 86 行.

[ 2017-08-28T18:03:04+08:00 ] 127.0.0.1 /?s=/admin/pad/abnormalLists/token/b7caabc99301d9448e9bbc14fa9660a7&page=1
INFO: [ app_init ] --START--
INFO: Run Behavior\BuildLiteBehavior [ RunTime:0.000000s ]
INFO: [ app_init ] --END-- [ RunTime:0.000000s ]
INFO: [ app_begin ] --START--
INFO: Run Behavior\ReadHtmlCacheBehavior [ RunTime:0.001001s ]
INFO: [ app_begin ] --END-- [ RunTime:0.001001s ]
NOTIC: [8192] mysql_connect(): The mysql extension is deprecated and will be removed in the future: use mysqli or PDO instead E:\SharedMedia\ThinkPHP\Library\Think\Db\Driver\Mysql.class.php 第 52 行.
SQL: SHOW COLUMNS FROM `admin_user` [ RunTime:0.005000s ]
SQL: SELECT * FROM `admin_user` WHERE `token` = 'b7caabc99301d9448e9bbc14fa9660a7' LIMIT 1   [ RunTime:0.006000s ]
SQL: SHOW COLUMNS FROM `abnormal` [ RunTime:0.005001s ]
SQL: SELECT COUNT(*) AS tp_count FROM `abnormal` WHERE ( abmprmal_time asc ) LIMIT 1   [ RunTime:0.004000s ]
ERR: 1064:You have an error in your SQL syntax; check the manual that corresponds to your MySQL server version for the right syntax to use near 'asc ) LIMIT 1' at line 1
 [ SQL语句 ] : SELECT COUNT(*) AS tp_count FROM `abnormal` WHERE ( abmprmal_time asc ) LIMIT 1  
SQL: SELECT * FROM `abnormal` WHERE ( abmprmal_time asc ) LIMIT 0,6   [ RunTime:0.004000s ]
ERR: 1064:You have an error in your SQL syntax; check the manual that corresponds to your MySQL server version for the right syntax to use near 'asc ) LIMIT 0,6' at line 1
 [ SQL语句 ] : SELECT * FROM `abnormal` WHERE ( abmprmal_time asc ) LIMIT 0,6  
NOTIC: [2] Invalid argument supplied for foreach() E:\SharedMedia\Application\Admin\Controller\PadController.class.php 第 59 行.
NOTIC: [2048] Non-static method Common\Common\Helper::response() should not be called statically, assuming $this from incompatible context E:\SharedMedia\Application\Admin\Controller\PadController.class.php 第 86 行.

[ 2017-08-28T18:03:38+08:00 ] 127.0.0.1 /?s=/admin/pad/abnormalLists/token/b7caabc99301d9448e9bbc14fa9660a7&page=1
INFO: [ app_init ] --START--
INFO: Run Behavior\BuildLiteBehavior [ RunTime:0.000000s ]
INFO: [ app_init ] --END-- [ RunTime:0.000000s ]
INFO: [ app_begin ] --START--
INFO: Run Behavior\ReadHtmlCacheBehavior [ RunTime:0.000000s ]
INFO: [ app_begin ] --END-- [ RunTime:0.000000s ]
NOTIC: [8192] mysql_connect(): The mysql extension is deprecated and will be removed in the future: use mysqli or PDO instead E:\SharedMedia\ThinkPHP\Library\Think\Db\Driver\Mysql.class.php 第 52 行.
SQL: SHOW COLUMNS FROM `admin_user` [ RunTime:0.006001s ]
SQL: SELECT * FROM `admin_user` WHERE `token` = 'b7caabc99301d9448e9bbc14fa9660a7' LIMIT 1   [ RunTime:0.004000s ]
SQL: SHOW COLUMNS FROM `abnormal` [ RunTime:0.004000s ]
SQL: SELECT COUNT(*) AS tp_count FROM `abnormal` WHERE ( abmprmal_time asc ) LIMIT 1   [ RunTime:0.004000s ]
ERR: 1064:You have an error in your SQL syntax; check the manual that corresponds to your MySQL server version for the right syntax to use near 'asc ) LIMIT 1' at line 1
 [ SQL语句 ] : SELECT COUNT(*) AS tp_count FROM `abnormal` WHERE ( abmprmal_time asc ) LIMIT 1  

[ 2017-08-28T18:03:40+08:00 ] 127.0.0.1 /?s=/admin/pad/abnormalLists/token/b7caabc99301d9448e9bbc14fa9660a7&page=1
INFO: [ app_init ] --START--
INFO: Run Behavior\BuildLiteBehavior [ RunTime:0.000000s ]
INFO: [ app_init ] --END-- [ RunTime:0.001000s ]
INFO: [ app_begin ] --START--
INFO: Run Behavior\ReadHtmlCacheBehavior [ RunTime:0.001000s ]
INFO: [ app_begin ] --END-- [ RunTime:0.001000s ]
NOTIC: [8192] mysql_connect(): The mysql extension is deprecated and will be removed in the future: use mysqli or PDO instead E:\SharedMedia\ThinkPHP\Library\Think\Db\Driver\Mysql.class.php 第 52 行.
SQL: SHOW COLUMNS FROM `admin_user` [ RunTime:0.006000s ]
SQL: SELECT * FROM `admin_user` WHERE `token` = 'b7caabc99301d9448e9bbc14fa9660a7' LIMIT 1   [ RunTime:0.005000s ]
SQL: SHOW COLUMNS FROM `abnormal` [ RunTime:0.007001s ]
SQL: SELECT COUNT(*) AS tp_count FROM `abnormal` WHERE ( abmprmal_time asc ) LIMIT 1   [ RunTime:0.005000s ]
ERR: 1064:You have an error in your SQL syntax; check the manual that corresponds to your MySQL server version for the right syntax to use near 'asc ) LIMIT 1' at line 1
 [ SQL语句 ] : SELECT COUNT(*) AS tp_count FROM `abnormal` WHERE ( abmprmal_time asc ) LIMIT 1  

[ 2017-08-28T18:04:27+08:00 ] 127.0.0.1 /?s=/admin/pad/abnormalLists/token/b7caabc99301d9448e9bbc14fa9660a7&page=1
INFO: [ app_init ] --START--
INFO: Run Behavior\BuildLiteBehavior [ RunTime:0.000000s ]
INFO: [ app_init ] --END-- [ RunTime:0.001000s ]
INFO: [ app_begin ] --START--
INFO: Run Behavior\ReadHtmlCacheBehavior [ RunTime:0.000000s ]
INFO: [ app_begin ] --END-- [ RunTime:0.001000s ]
NOTIC: [8192] mysql_connect(): The mysql extension is deprecated and will be removed in the future: use mysqli or PDO instead E:\SharedMedia\ThinkPHP\Library\Think\Db\Driver\Mysql.class.php 第 52 行.
SQL: SHOW COLUMNS FROM `admin_user` [ RunTime:0.005000s ]
SQL: SELECT * FROM `admin_user` WHERE `token` = 'b7caabc99301d9448e9bbc14fa9660a7' LIMIT 1   [ RunTime:0.005000s ]
SQL: SHOW COLUMNS FROM `abnormal` [ RunTime:0.006001s ]

[ 2017-08-28T18:05:00+08:00 ] 127.0.0.1 /?s=/admin/pad/abnormalLists/token/b7caabc99301d9448e9bbc14fa9660a7&page=1
INFO: [ app_init ] --START--
INFO: Run Behavior\BuildLiteBehavior [ RunTime:0.000000s ]
INFO: [ app_init ] --END-- [ RunTime:0.000000s ]
INFO: [ app_begin ] --START--
INFO: Run Behavior\ReadHtmlCacheBehavior [ RunTime:0.000000s ]
INFO: [ app_begin ] --END-- [ RunTime:0.000000s ]
NOTIC: [8192] mysql_connect(): The mysql extension is deprecated and will be removed in the future: use mysqli or PDO instead E:\SharedMedia\ThinkPHP\Library\Think\Db\Driver\Mysql.class.php 第 52 行.
SQL: SHOW COLUMNS FROM `admin_user` [ RunTime:0.005000s ]
SQL: SELECT * FROM `admin_user` WHERE `token` = 'b7caabc99301d9448e9bbc14fa9660a7' LIMIT 1   [ RunTime:0.004000s ]
SQL: SHOW COLUMNS FROM `abnormal` [ RunTime:0.005001s ]
SQL: SELECT COUNT(*) AS tp_count FROM `abnormal` WHERE ( abmprmal_time asc ) LIMIT 1   [ RunTime:0.004000s ]
ERR: 1064:You have an error in your SQL syntax; check the manual that corresponds to your MySQL server version for the right syntax to use near 'asc ) LIMIT 1' at line 1
 [ SQL语句 ] : SELECT COUNT(*) AS tp_count FROM `abnormal` WHERE ( abmprmal_time asc ) LIMIT 1  

[ 2017-08-28T18:05:23+08:00 ] 127.0.0.1 /?s=/admin/pad/abnormalLists/token/b7caabc99301d9448e9bbc14fa9660a7&page=1
INFO: [ app_init ] --START--
INFO: Run Behavior\BuildLiteBehavior [ RunTime:0.000000s ]
INFO: [ app_init ] --END-- [ RunTime:0.001000s ]
INFO: [ app_begin ] --START--
INFO: Run Behavior\ReadHtmlCacheBehavior [ RunTime:0.000000s ]
INFO: [ app_begin ] --END-- [ RunTime:0.001000s ]
NOTIC: [8192] mysql_connect(): The mysql extension is deprecated and will be removed in the future: use mysqli or PDO instead E:\SharedMedia\ThinkPHP\Library\Think\Db\Driver\Mysql.class.php 第 52 行.
SQL: SHOW COLUMNS FROM `admin_user` [ RunTime:0.005000s ]
SQL: SELECT * FROM `admin_user` WHERE `token` = 'b7caabc99301d9448e9bbc14fa9660a7' LIMIT 1   [ RunTime:0.005001s ]
SQL: SHOW COLUMNS FROM `abnormal` [ RunTime:0.005000s ]
SQL: SELECT * FROM `abnormal` WHERE ( abmprmal_time asc )  [ RunTime:0.004000s ]
ERR: 1064:You have an error in your SQL syntax; check the manual that corresponds to your MySQL server version for the right syntax to use near 'asc )' at line 1
 [ SQL语句 ] : SELECT * FROM `abnormal` WHERE ( abmprmal_time asc ) 

[ 2017-08-28T18:05:24+08:00 ] 127.0.0.1 /?s=/admin/pad/abnormalLists/token/b7caabc99301d9448e9bbc14fa9660a7&page=1
INFO: [ app_init ] --START--
INFO: Run Behavior\BuildLiteBehavior [ RunTime:0.000000s ]
INFO: [ app_init ] --END-- [ RunTime:0.000000s ]
INFO: [ app_begin ] --START--
INFO: Run Behavior\ReadHtmlCacheBehavior [ RunTime:0.000000s ]
INFO: [ app_begin ] --END-- [ RunTime:0.001000s ]
NOTIC: [8192] mysql_connect(): The mysql extension is deprecated and will be removed in the future: use mysqli or PDO instead E:\SharedMedia\ThinkPHP\Library\Think\Db\Driver\Mysql.class.php 第 52 行.
SQL: SHOW COLUMNS FROM `admin_user` [ RunTime:0.005001s ]
SQL: SELECT * FROM `admin_user` WHERE `token` = 'b7caabc99301d9448e9bbc14fa9660a7' LIMIT 1   [ RunTime:0.006000s ]
SQL: SHOW COLUMNS FROM `abnormal` [ RunTime:0.006000s ]
SQL: SELECT * FROM `abnormal` WHERE ( abmprmal_time asc )  [ RunTime:0.006001s ]
ERR: 1064:You have an error in your SQL syntax; check the manual that corresponds to your MySQL server version for the right syntax to use near 'asc )' at line 1
 [ SQL语句 ] : SELECT * FROM `abnormal` WHERE ( abmprmal_time asc ) 

[ 2017-08-28T18:05:24+08:00 ] 127.0.0.1 /?s=/admin/pad/abnormalLists/token/b7caabc99301d9448e9bbc14fa9660a7&page=1
INFO: [ app_init ] --START--
INFO: Run Behavior\BuildLiteBehavior [ RunTime:0.000000s ]
INFO: [ app_init ] --END-- [ RunTime:0.000000s ]
INFO: [ app_begin ] --START--
INFO: Run Behavior\ReadHtmlCacheBehavior [ RunTime:0.001000s ]
INFO: [ app_begin ] --END-- [ RunTime:0.001000s ]
NOTIC: [8192] mysql_connect(): The mysql extension is deprecated and will be removed in the future: use mysqli or PDO instead E:\SharedMedia\ThinkPHP\Library\Think\Db\Driver\Mysql.class.php 第 52 行.
SQL: SHOW COLUMNS FROM `admin_user` [ RunTime:0.005000s ]
SQL: SELECT * FROM `admin_user` WHERE `token` = 'b7caabc99301d9448e9bbc14fa9660a7' LIMIT 1   [ RunTime:0.007000s ]
SQL: SHOW COLUMNS FROM `abnormal` [ RunTime:0.005001s ]
SQL: SELECT * FROM `abnormal` WHERE ( abmprmal_time asc )  [ RunTime:0.006000s ]
ERR: 1064:You have an error in your SQL syntax; check the manual that corresponds to your MySQL server version for the right syntax to use near 'asc )' at line 1
 [ SQL语句 ] : SELECT * FROM `abnormal` WHERE ( abmprmal_time asc ) 

[ 2017-08-28T18:05:24+08:00 ] 127.0.0.1 /?s=/admin/pad/abnormalLists/token/b7caabc99301d9448e9bbc14fa9660a7&page=1
INFO: [ app_init ] --START--
INFO: Run Behavior\BuildLiteBehavior [ RunTime:0.000000s ]
INFO: [ app_init ] --END-- [ RunTime:0.000000s ]
INFO: [ app_begin ] --START--
INFO: Run Behavior\ReadHtmlCacheBehavior [ RunTime:0.000000s ]
INFO: [ app_begin ] --END-- [ RunTime:0.000000s ]
NOTIC: [8192] mysql_connect(): The mysql extension is deprecated and will be removed in the future: use mysqli or PDO instead E:\SharedMedia\ThinkPHP\Library\Think\Db\Driver\Mysql.class.php 第 52 行.
SQL: SHOW COLUMNS FROM `admin_user` [ RunTime:0.005001s ]
SQL: SELECT * FROM `admin_user` WHERE `token` = 'b7caabc99301d9448e9bbc14fa9660a7' LIMIT 1   [ RunTime:0.006000s ]
SQL: SHOW COLUMNS FROM `abnormal` [ RunTime:0.006000s ]
SQL: SELECT * FROM `abnormal` WHERE ( abmprmal_time asc )  [ RunTime:0.004000s ]
ERR: 1064:You have an error in your SQL syntax; check the manual that corresponds to your MySQL server version for the right syntax to use near 'asc )' at line 1
 [ SQL语句 ] : SELECT * FROM `abnormal` WHERE ( abmprmal_time asc ) 

[ 2017-08-28T18:05:24+08:00 ] 127.0.0.1 /?s=/admin/pad/abnormalLists/token/b7caabc99301d9448e9bbc14fa9660a7&page=1
INFO: [ app_init ] --START--
INFO: Run Behavior\BuildLiteBehavior [ RunTime:0.000000s ]
INFO: [ app_init ] --END-- [ RunTime:0.001000s ]
INFO: [ app_begin ] --START--
INFO: Run Behavior\ReadHtmlCacheBehavior [ RunTime:0.001000s ]
INFO: [ app_begin ] --END-- [ RunTime:0.001000s ]
NOTIC: [8192] mysql_connect(): The mysql extension is deprecated and will be removed in the future: use mysqli or PDO instead E:\SharedMedia\ThinkPHP\Library\Think\Db\Driver\Mysql.class.php 第 52 行.
SQL: SHOW COLUMNS FROM `admin_user` [ RunTime:0.005001s ]
SQL: SELECT * FROM `admin_user` WHERE `token` = 'b7caabc99301d9448e9bbc14fa9660a7' LIMIT 1   [ RunTime:0.006000s ]
SQL: SHOW COLUMNS FROM `abnormal` [ RunTime:0.005000s ]
SQL: SELECT * FROM `abnormal` WHERE ( abmprmal_time asc )  [ RunTime:0.006000s ]
ERR: 1064:You have an error in your SQL syntax; check the manual that corresponds to your MySQL server version for the right syntax to use near 'asc )' at line 1
 [ SQL语句 ] : SELECT * FROM `abnormal` WHERE ( abmprmal_time asc ) 

[ 2017-08-28T18:05:45+08:00 ] 127.0.0.1 /?s=/admin/pad/abnormalLists/token/b7caabc99301d9448e9bbc14fa9660a7&page=1
INFO: [ app_init ] --START--
INFO: Run Behavior\BuildLiteBehavior [ RunTime:0.000000s ]
INFO: [ app_init ] --END-- [ RunTime:0.000000s ]
INFO: [ app_begin ] --START--
INFO: Run Behavior\ReadHtmlCacheBehavior [ RunTime:0.000000s ]
INFO: [ app_begin ] --END-- [ RunTime:0.000000s ]
NOTIC: [8192] mysql_connect(): The mysql extension is deprecated and will be removed in the future: use mysqli or PDO instead E:\SharedMedia\ThinkPHP\Library\Think\Db\Driver\Mysql.class.php 第 52 行.
SQL: SHOW COLUMNS FROM `admin_user` [ RunTime:0.005001s ]
SQL: SELECT * FROM `admin_user` WHERE `token` = 'b7caabc99301d9448e9bbc14fa9660a7' LIMIT 1   [ RunTime:0.004000s ]
SQL: SHOW COLUMNS FROM `abnormal` [ RunTime:0.005000s ]
SQL: SELECT * FROM `abnormal`  [ RunTime:0.005000s ]

[ 2017-08-28T18:05:58+08:00 ] 127.0.0.1 /?s=/admin/pad/abnormalLists/token/b7caabc99301d9448e9bbc14fa9660a7&page=1
INFO: [ app_init ] --START--
INFO: Run Behavior\BuildLiteBehavior [ RunTime:0.000000s ]
INFO: [ app_init ] --END-- [ RunTime:0.000000s ]
INFO: [ app_begin ] --START--
INFO: Run Behavior\ReadHtmlCacheBehavior [ RunTime:0.000000s ]
INFO: [ app_begin ] --END-- [ RunTime:0.001000s ]
NOTIC: [8192] mysql_connect(): The mysql extension is deprecated and will be removed in the future: use mysqli or PDO instead E:\SharedMedia\ThinkPHP\Library\Think\Db\Driver\Mysql.class.php 第 52 行.
SQL: SHOW COLUMNS FROM `admin_user` [ RunTime:0.006001s ]
SQL: SELECT * FROM `admin_user` WHERE `token` = 'b7caabc99301d9448e9bbc14fa9660a7' LIMIT 1   [ RunTime:0.005000s ]
SQL: SHOW COLUMNS FROM `abnormal` [ RunTime:0.007000s ]
SQL: SELECT * FROM `abnormal`  [ RunTime:0.004001s ]

[ 2017-08-28T18:06:20+08:00 ] 127.0.0.1 /?s=/admin/pad/abnormalLists/token/b7caabc99301d9448e9bbc14fa9660a7&page=1
INFO: [ app_init ] --START--
INFO: Run Behavior\BuildLiteBehavior [ RunTime:0.000000s ]
INFO: [ app_init ] --END-- [ RunTime:0.001000s ]
INFO: [ app_begin ] --START--
INFO: Run Behavior\ReadHtmlCacheBehavior [ RunTime:0.001000s ]
INFO: [ app_begin ] --END-- [ RunTime:0.001000s ]
NOTIC: [8192] mysql_connect(): The mysql extension is deprecated and will be removed in the future: use mysqli or PDO instead E:\SharedMedia\ThinkPHP\Library\Think\Db\Driver\Mysql.class.php 第 52 行.
SQL: SHOW COLUMNS FROM `admin_user` [ RunTime:0.006001s ]
SQL: SELECT * FROM `admin_user` WHERE `token` = 'b7caabc99301d9448e9bbc14fa9660a7' LIMIT 1   [ RunTime:0.004000s ]
SQL: SHOW COLUMNS FROM `abnormal` [ RunTime:0.004000s ]
SQL: SELECT * FROM `abnormal`  [ RunTime:0.004001s ]

[ 2017-08-28T18:06:21+08:00 ] 127.0.0.1 /?s=/admin/pad/abnormalLists/token/b7caabc99301d9448e9bbc14fa9660a7&page=1
INFO: [ app_init ] --START--
INFO: Run Behavior\BuildLiteBehavior [ RunTime:0.000000s ]
INFO: [ app_init ] --END-- [ RunTime:0.000000s ]
INFO: [ app_begin ] --START--
INFO: Run Behavior\ReadHtmlCacheBehavior [ RunTime:0.001000s ]
INFO: [ app_begin ] --END-- [ RunTime:0.001000s ]
NOTIC: [8192] mysql_connect(): The mysql extension is deprecated and will be removed in the future: use mysqli or PDO instead E:\SharedMedia\ThinkPHP\Library\Think\Db\Driver\Mysql.class.php 第 52 行.
SQL: SHOW COLUMNS FROM `admin_user` [ RunTime:0.006000s ]
SQL: SELECT * FROM `admin_user` WHERE `token` = 'b7caabc99301d9448e9bbc14fa9660a7' LIMIT 1   [ RunTime:0.006001s ]
SQL: SHOW COLUMNS FROM `abnormal` [ RunTime:0.005000s ]
SQL: SELECT * FROM `abnormal`  [ RunTime:0.006000s ]

[ 2017-08-28T18:06:21+08:00 ] 127.0.0.1 /?s=/admin/pad/abnormalLists/token/b7caabc99301d9448e9bbc14fa9660a7&page=1
INFO: [ app_init ] --START--
INFO: Run Behavior\BuildLiteBehavior [ RunTime:0.000000s ]
INFO: [ app_init ] --END-- [ RunTime:0.000000s ]
INFO: [ app_begin ] --START--
INFO: Run Behavior\ReadHtmlCacheBehavior [ RunTime:0.001000s ]
INFO: [ app_begin ] --END-- [ RunTime:0.001000s ]
NOTIC: [8192] mysql_connect(): The mysql extension is deprecated and will be removed in the future: use mysqli or PDO instead E:\SharedMedia\ThinkPHP\Library\Think\Db\Driver\Mysql.class.php 第 52 行.
SQL: SHOW COLUMNS FROM `admin_user` [ RunTime:0.006000s ]
SQL: SELECT * FROM `admin_user` WHERE `token` = 'b7caabc99301d9448e9bbc14fa9660a7' LIMIT 1   [ RunTime:0.006000s ]
SQL: SHOW COLUMNS FROM `abnormal` [ RunTime:0.004001s ]
SQL: SELECT * FROM `abnormal`  [ RunTime:0.005000s ]

[ 2017-08-28T18:06:21+08:00 ] 127.0.0.1 /?s=/admin/pad/abnormalLists/token/b7caabc99301d9448e9bbc14fa9660a7&page=1
INFO: [ app_init ] --START--
INFO: Run Behavior\BuildLiteBehavior [ RunTime:0.000000s ]
INFO: [ app_init ] --END-- [ RunTime:0.001000s ]
INFO: [ app_begin ] --START--
INFO: Run Behavior\ReadHtmlCacheBehavior [ RunTime:0.001000s ]
INFO: [ app_begin ] --END-- [ RunTime:0.001000s ]
NOTIC: [8192] mysql_connect(): The mysql extension is deprecated and will be removed in the future: use mysqli or PDO instead E:\SharedMedia\ThinkPHP\Library\Think\Db\Driver\Mysql.class.php 第 52 行.
SQL: SHOW COLUMNS FROM `admin_user` [ RunTime:0.006000s ]
SQL: SELECT * FROM `admin_user` WHERE `token` = 'b7caabc99301d9448e9bbc14fa9660a7' LIMIT 1   [ RunTime:0.006000s ]
SQL: SHOW COLUMNS FROM `abnormal` [ RunTime:0.004001s ]
SQL: SELECT * FROM `abnormal`  [ RunTime:0.005000s ]

[ 2017-08-28T18:06:42+08:00 ] 127.0.0.1 /?s=/admin/pad/abnormalLists/token/b7caabc99301d9448e9bbc14fa9660a7&page=1
INFO: [ app_init ] --START--
INFO: Run Behavior\BuildLiteBehavior [ RunTime:0.000000s ]
INFO: [ app_init ] --END-- [ RunTime:0.000000s ]
INFO: [ app_begin ] --START--
INFO: Run Behavior\ReadHtmlCacheBehavior [ RunTime:0.001001s ]
INFO: [ app_begin ] --END-- [ RunTime:0.001001s ]
NOTIC: [8192] mysql_connect(): The mysql extension is deprecated and will be removed in the future: use mysqli or PDO instead E:\SharedMedia\ThinkPHP\Library\Think\Db\Driver\Mysql.class.php 第 52 行.
SQL: SHOW COLUMNS FROM `admin_user` [ RunTime:0.007001s ]
SQL: SELECT * FROM `admin_user` WHERE `token` = 'b7caabc99301d9448e9bbc14fa9660a7' LIMIT 1   [ RunTime:0.006000s ]
SQL: SHOW COLUMNS FROM `abnormal` [ RunTime:0.007000s ]
SQL: SELECT COUNT(*) AS tp_count FROM `abnormal` LIMIT 1   [ RunTime:0.005001s ]
SQL: SELECT * FROM `abnormal` LIMIT 0,6   [ RunTime:0.005000s ]
NOTIC: [2048] Non-static method Common\Common\Helper::response() should not be called statically, assuming $this from incompatible context E:\SharedMedia\Application\Admin\Controller\PadController.class.php 第 87 行.

[ 2017-08-28T18:06:54+08:00 ] 127.0.0.1 /?s=/admin/pad/abnormalLists/token/b7caabc99301d9448e9bbc14fa9660a7&page=2
INFO: [ app_init ] --START--
INFO: Run Behavior\BuildLiteBehavior [ RunTime:0.000000s ]
INFO: [ app_init ] --END-- [ RunTime:0.001000s ]
INFO: [ app_begin ] --START--
INFO: Run Behavior\ReadHtmlCacheBehavior [ RunTime:0.000000s ]
INFO: [ app_begin ] --END-- [ RunTime:0.000000s ]
NOTIC: [8192] mysql_connect(): The mysql extension is deprecated and will be removed in the future: use mysqli or PDO instead E:\SharedMedia\ThinkPHP\Library\Think\Db\Driver\Mysql.class.php 第 52 行.
SQL: SHOW COLUMNS FROM `admin_user` [ RunTime:0.006001s ]
SQL: SELECT * FROM `admin_user` WHERE `token` = 'b7caabc99301d9448e9bbc14fa9660a7' LIMIT 1   [ RunTime:0.006000s ]
SQL: SHOW COLUMNS FROM `abnormal` [ RunTime:0.006000s ]
SQL: SELECT COUNT(*) AS tp_count FROM `abnormal` LIMIT 1   [ RunTime:0.004001s ]
SQL: SELECT * FROM `abnormal` LIMIT 6,6   [ RunTime:0.005000s ]
NOTIC: [2048] Non-static method Common\Common\Helper::response() should not be called statically, assuming $this from incompatible context E:\SharedMedia\Application\Admin\Controller\PadController.class.php 第 87 行.

[ 2017-08-28T18:07:56+08:00 ] 127.0.0.1 /?s=/admin/pad/abnormalLists/token/b7caabc99301d9448e9bbc14fa9660a7&page=3
INFO: [ app_init ] --START--
INFO: Run Behavior\BuildLiteBehavior [ RunTime:0.000000s ]
INFO: [ app_init ] --END-- [ RunTime:0.000000s ]
INFO: [ app_begin ] --START--
INFO: Run Behavior\ReadHtmlCacheBehavior [ RunTime:0.001000s ]
INFO: [ app_begin ] --END-- [ RunTime:0.001000s ]
NOTIC: [8192] mysql_connect(): The mysql extension is deprecated and will be removed in the future: use mysqli or PDO instead E:\SharedMedia\ThinkPHP\Library\Think\Db\Driver\Mysql.class.php 第 52 行.
SQL: SHOW COLUMNS FROM `admin_user` [ RunTime:0.006001s ]
SQL: SELECT * FROM `admin_user` WHERE `token` = 'b7caabc99301d9448e9bbc14fa9660a7' LIMIT 1   [ RunTime:0.006000s ]
SQL: SHOW COLUMNS FROM `abnormal` [ RunTime:0.005000s ]
SQL: SELECT COUNT(*) AS tp_count FROM `abnormal` LIMIT 1   [ RunTime:0.004001s ]
SQL: SELECT * FROM `abnormal` LIMIT 12,6   [ RunTime:0.005000s ]
NOTIC: [2048] Non-static method Common\Common\Helper::response() should not be called statically, assuming $this from incompatible context E:\SharedMedia\Application\Admin\Controller\PadController.class.php 第 87 行.

[ 2017-08-28T18:08:52+08:00 ] 127.0.0.1 /?s=/admin/pad/abnormalLists/token/b7caabc99301d9448e9bbc14fa9660a7&page=1
INFO: [ app_init ] --START--
INFO: Run Behavior\BuildLiteBehavior [ RunTime:0.000000s ]
INFO: [ app_init ] --END-- [ RunTime:0.000000s ]
INFO: [ app_begin ] --START--
INFO: Run Behavior\ReadHtmlCacheBehavior [ RunTime:0.000000s ]
INFO: [ app_begin ] --END-- [ RunTime:0.000000s ]
NOTIC: [8192] mysql_connect(): The mysql extension is deprecated and will be removed in the future: use mysqli or PDO instead E:\SharedMedia\ThinkPHP\Library\Think\Db\Driver\Mysql.class.php 第 52 行.
SQL: SHOW COLUMNS FROM `admin_user` [ RunTime:0.005000s ]
SQL: SELECT * FROM `admin_user` WHERE `token` = 'b7caabc99301d9448e9bbc14fa9660a7' LIMIT 1   [ RunTime:0.006001s ]
SQL: SHOW COLUMNS FROM `abnormal` [ RunTime:0.005000s ]
SQL: SELECT COUNT(*) AS tp_count FROM `abnormal` LIMIT 1   [ RunTime:0.004000s ]
SQL: SELECT * FROM `abnormal` LIMIT 0,6   [ RunTime:0.005000s ]
NOTIC: [2048] Non-static method Common\Common\Helper::response() should not be called statically, assuming $this from incompatible context E:\SharedMedia\Application\Admin\Controller\PadController.class.php 第 87 行.

[ 2017-08-28T18:09:30+08:00 ] 127.0.0.1 /?s=/admin/pad/abnormalLists/token/b7caabc99301d9448e9bbc14fa9660a7
INFO: [ app_init ] --START--
INFO: Run Behavior\BuildLiteBehavior [ RunTime:0.000000s ]
INFO: [ app_init ] --END-- [ RunTime:0.001000s ]
INFO: [ app_begin ] --START--
INFO: Run Behavior\ReadHtmlCacheBehavior [ RunTime:0.001000s ]
INFO: [ app_begin ] --END-- [ RunTime:0.001000s ]
NOTIC: [8192] mysql_connect(): The mysql extension is deprecated and will be removed in the future: use mysqli or PDO instead E:\SharedMedia\ThinkPHP\Library\Think\Db\Driver\Mysql.class.php 第 52 行.
SQL: SHOW COLUMNS FROM `admin_user` [ RunTime:0.005000s ]
SQL: SELECT * FROM `admin_user` WHERE `token` = 'b7caabc99301d9448e9bbc14fa9660a7' LIMIT 1   [ RunTime:0.005000s ]
SQL: SHOW COLUMNS FROM `abnormal` [ RunTime:0.005000s ]
SQL: SELECT COUNT(*) AS tp_count FROM `abnormal` LIMIT 1   [ RunTime:0.004001s ]
SQL: SELECT * FROM `abnormal` LIMIT 0,6   [ RunTime:0.004000s ]
NOTIC: [2048] Non-static method Common\Common\Helper::response() should not be called statically, assuming $this from incompatible context E:\SharedMedia\Application\Admin\Controller\PadController.class.php 第 87 行.

