[ 2017-08-20T10:03:49+08:00 ] 127.0.0.1 /?s=/admin/manager/menulists/token/d29c54a9232d422c53195612NCT1SLwfHEI
INFO: [ app_init ] --START--
INFO: Run Behavior\BuildLiteBehavior [ RunTime:0.000000s ]
INFO: [ app_init ] --END-- [ RunTime:0.001000s ]
INFO: [ app_begin ] --START--
INFO: Run Behavior\ReadHtmlCacheBehavior [ RunTime:0.001000s ]
INFO: [ app_begin ] --END-- [ RunTime:0.001000s ]
NOTIC: [8192] mysql_connect(): The mysql extension is deprecated and will be removed in the future: use mysqli or PDO instead E:\SharedMedia\ThinkPHP\Library\Think\Db\Driver\Mysql.class.php 第 52 行.
SQL: SHOW COLUMNS FROM `admin_user` [ RunTime:0.005001s ]
SQL: SELECT * FROM `admin_user` WHERE `token` = 'd29c54a9232d422c53195612NCT1SLwfHEI' LIMIT 1   [ RunTime:0.005000s ]
NOTIC: [2048] Non-static method Common\Common\Helper::response() should not be called statically, assuming $this from incompatible context E:\SharedMedia\Application\Admin\Controller\RuleController.class.php 第 23 行.

[ 2017-08-20T10:04:07+08:00 ] 127.0.0.1 /?s=/admin/manager/menulists/token/2535bb43d3d040f4c8dc9d12NCT1SLwfHEI
INFO: [ app_init ] --START--
INFO: Run Behavior\BuildLiteBehavior [ RunTime:0.000000s ]
INFO: [ app_init ] --END-- [ RunTime:0.000000s ]
INFO: [ app_begin ] --START--
INFO: Run Behavior\ReadHtmlCacheBehavior [ RunTime:0.001000s ]
INFO: [ app_begin ] --END-- [ RunTime:0.001000s ]
NOTIC: [8192] mysql_connect(): The mysql extension is deprecated and will be removed in the future: use mysqli or PDO instead E:\SharedMedia\ThinkPHP\Library\Think\Db\Driver\Mysql.class.php 第 52 行.
SQL: SHOW COLUMNS FROM `admin_user` [ RunTime:0.006000s ]
SQL: SELECT * FROM `admin_user` WHERE `token` = '2535bb43d3d040f4c8dc9d12NCT1SLwfHEI' LIMIT 1   [ RunTime:0.007001s ]
SQL: SHOW COLUMNS FROM `admin_node` [ RunTime:0.005000s ]
SQL: SELECT * FROM `admin_node` WHERE ( pid=0 )  [ RunTime:0.005000s ]
INFO: [ app_end ] --START--
INFO: Run Behavior\ShowPageTraceBehavior [ RunTime:0.013001s ]
INFO: [ app_end ] --END-- [ RunTime:0.013001s ]

[ 2017-08-20T10:06:23+08:00 ] 127.0.0.1 /?s=/admin/manager/menulists/token/2535bb43d3d040f4c8dc9d12NCT1SLwfHEI
INFO: [ app_init ] --START--
INFO: Run Behavior\BuildLiteBehavior [ RunTime:0.000000s ]
INFO: [ app_init ] --END-- [ RunTime:0.000000s ]
INFO: [ app_begin ] --START--
INFO: Run Behavior\ReadHtmlCacheBehavior [ RunTime:0.000000s ]
INFO: [ app_begin ] --END-- [ RunTime:0.000000s ]
NOTIC: [8192] mysql_connect(): The mysql extension is deprecated and will be removed in the future: use mysqli or PDO instead E:\SharedMedia\ThinkPHP\Library\Think\Db\Driver\Mysql.class.php 第 52 行.
SQL: SHOW COLUMNS FROM `admin_user` [ RunTime:0.005000s ]
SQL: SELECT * FROM `admin_user` WHERE `token` = '2535bb43d3d040f4c8dc9d12NCT1SLwfHEI' LIMIT 1   [ RunTime:0.005000s ]
SQL: SHOW COLUMNS FROM `admin_node` [ RunTime:0.005001s ]
SQL: SELECT * FROM `admin_node` WHERE ( pid=0 )  [ RunTime:0.005000s ]
SQL: SELECT * FROM `admin_node` WHERE ( pid=1 )  [ RunTime:0.005000s ]
SQL: SELECT * FROM `admin_node` WHERE ( pid=4 )  [ RunTime:0.005000s ]
SQL: SELECT * FROM `admin_node` WHERE ( pid=5 )  [ RunTime:0.004001s ]
SQL: SELECT * FROM `admin_node` WHERE ( pid=6 )  [ RunTime:0.004000s ]
SQL: SELECT * FROM `admin_node` WHERE ( pid=7 )  [ RunTime:0.005000s ]
SQL: SELECT * FROM `admin_node` WHERE ( pid=8 )  [ RunTime:0.004000s ]
SQL: SELECT * FROM `admin_node` WHERE ( pid=9 )  [ RunTime:0.004001s ]
INFO: [ app_end ] --START--
INFO: Run Behavior\ShowPageTraceBehavior [ RunTime:0.001000s ]
INFO: [ app_end ] --END-- [ RunTime:0.001000s ]

[ 2017-08-20T10:06:48+08:00 ] 127.0.0.1 /?s=/admin/manager/menulists/token/2535bb43d3d040f4c8dc9d12NCT1SLwfHEI
INFO: [ app_init ] --START--
INFO: Run Behavior\BuildLiteBehavior [ RunTime:0.000000s ]
INFO: [ app_init ] --END-- [ RunTime:0.000000s ]
INFO: [ app_begin ] --START--
INFO: Run Behavior\ReadHtmlCacheBehavior [ RunTime:0.000000s ]
INFO: [ app_begin ] --END-- [ RunTime:0.000000s ]
NOTIC: [8192] mysql_connect(): The mysql extension is deprecated and will be removed in the future: use mysqli or PDO instead E:\SharedMedia\ThinkPHP\Library\Think\Db\Driver\Mysql.class.php 第 52 行.
SQL: SHOW COLUMNS FROM `admin_user` [ RunTime:0.005000s ]
SQL: SELECT * FROM `admin_user` WHERE `token` = '2535bb43d3d040f4c8dc9d12NCT1SLwfHEI' LIMIT 1   [ RunTime:0.006001s ]
SQL: SHOW COLUMNS FROM `admin_node` [ RunTime:0.007000s ]
SQL: SELECT * FROM `admin_node` WHERE ( pid=0 )  [ RunTime:0.006001s ]
SQL: SELECT * FROM `admin_node` WHERE ( pid=1 )  [ RunTime:0.007000s ]
SQL: SELECT * FROM `admin_node` WHERE ( pid=4 )  [ RunTime:0.006000s ]
SQL: SELECT * FROM `admin_node` WHERE ( pid=5 )  [ RunTime:0.006001s ]
SQL: SELECT * FROM `admin_node` WHERE ( pid=6 )  [ RunTime:0.005000s ]
SQL: SELECT * FROM `admin_node` WHERE ( pid=7 )  [ RunTime:0.005000s ]
SQL: SELECT * FROM `admin_node` WHERE ( pid=8 )  [ RunTime:0.006001s ]
SQL: SELECT * FROM `admin_node` WHERE ( pid=9 )  [ RunTime:0.006000s ]
NOTIC: [2048] Non-static method Common\Common\Helper::response() should not be called statically, assuming $this from incompatible context E:\SharedMedia\Application\Admin\Controller\ManagerController.class.php 第 47 行.

[ 2017-08-20T10:16:05+08:00 ] 127.0.0.1 /?s=/admin/manager/DelIdMenu/token/2535bb43d3d040f4c8dc9d12NCT1SLwfHEI/node_id/9
INFO: [ app_init ] --START--
INFO: Run Behavior\BuildLiteBehavior [ RunTime:0.000000s ]
INFO: [ app_init ] --END-- [ RunTime:0.001000s ]
INFO: [ app_begin ] --START--
INFO: Run Behavior\ReadHtmlCacheBehavior [ RunTime:0.001000s ]
INFO: [ app_begin ] --END-- [ RunTime:0.001000s ]
NOTIC: [8192] mysql_connect(): The mysql extension is deprecated and will be removed in the future: use mysqli or PDO instead E:\SharedMedia\ThinkPHP\Library\Think\Db\Driver\Mysql.class.php 第 52 行.
SQL: SHOW COLUMNS FROM `admin_user` [ RunTime:0.006000s ]
SQL: SELECT * FROM `admin_user` WHERE `token` = '2535bb43d3d040f4c8dc9d12NCT1SLwfHEI' LIMIT 1   [ RunTime:0.005000s ]
SQL: SHOW COLUMNS FROM `admin_node` [ RunTime:0.005001s ]
SQL: DELETE FROM `admin_node` WHERE ( node_id=9 ) [ RunTime:0.004000s ]
NOTIC: [2048] Non-static method Common\Common\Helper::response() should not be called statically, assuming $this from incompatible context E:\SharedMedia\Application\Admin\Controller\ManagerController.class.php 第 57 行.

