[ 2017-08-24T16:05:31+08:00 ] 127.0.0.1 /?s=/admin/banner/BannerInfo/token/3409cc5b6793fb2e1b8027885755338b
INFO: [ app_init ] --START--
INFO: Run Behavior\BuildLiteBehavior [ RunTime:0.000000s ]
INFO: [ app_init ] --END-- [ RunTime:0.001000s ]
INFO: [ app_begin ] --START--
INFO: Run Behavior\ReadHtmlCacheBehavior [ RunTime:0.001000s ]
INFO: [ app_begin ] --END-- [ RunTime:0.001000s ]
NOTIC: [8192] mysql_connect(): The mysql extension is deprecated and will be removed in the future: use mysqli or PDO instead E:\SharedMedia\ThinkPHP\Library\Think\Db\Driver\Mysql.class.php 第 52 行.
SQL: SHOW COLUMNS FROM `admin_user` [ RunTime:0.005000s ]
SQL: SELECT * FROM `admin_user` WHERE `token` = '3409cc5b6793fb2e1b8027885755338b' LIMIT 1   [ RunTime:0.005000s ]
NOTIC: [2048] Non-static method Common\Common\Helper::response() should not be called statically, assuming $this from incompatible context E:\SharedMedia\Application\Admin\Controller\RuleController.class.php 第 23 行.

[ 2017-08-24T16:05:53+08:00 ] 127.0.0.1 /?s=/admin/banner/BannerInfo/token/bb65d2037d7cd640a301871f9f2df943
INFO: [ app_init ] --START--
INFO: Run Behavior\BuildLiteBehavior [ RunTime:0.000000s ]
INFO: [ app_init ] --END-- [ RunTime:0.000000s ]
INFO: [ app_begin ] --START--
INFO: Run Behavior\ReadHtmlCacheBehavior [ RunTime:0.000000s ]
INFO: [ app_begin ] --END-- [ RunTime:0.000000s ]
NOTIC: [8192] mysql_connect(): The mysql extension is deprecated and will be removed in the future: use mysqli or PDO instead E:\SharedMedia\ThinkPHP\Library\Think\Db\Driver\Mysql.class.php 第 52 行.
SQL: SHOW COLUMNS FROM `admin_user` [ RunTime:0.005000s ]
SQL: SELECT * FROM `admin_user` WHERE `token` = 'bb65d2037d7cd640a301871f9f2df943' LIMIT 1   [ RunTime:0.005001s ]
SQL: SHOW COLUMNS FROM `banner` [ RunTime:0.005000s ]
SQL: SELECT * FROM `banner`  [ RunTime:0.006000s ]
NOTIC: [2048] Non-static method Common\Common\Helper::response() should not be called statically, assuming $this from incompatible context E:\SharedMedia\Application\Admin\Controller\BannerController.class.php 第 88 行.

[ 2017-08-24T16:06:20+08:00 ] 127.0.0.1 /?s=/admin/banner/BannerInfo/token/bb65d2037d7cd640a301871f9f2df943
INFO: [ app_init ] --START--
INFO: Run Behavior\BuildLiteBehavior [ RunTime:0.000000s ]
INFO: [ app_init ] --END-- [ RunTime:0.000000s ]
INFO: [ app_begin ] --START--
INFO: Run Behavior\ReadHtmlCacheBehavior [ RunTime:0.000000s ]
INFO: [ app_begin ] --END-- [ RunTime:0.000000s ]
NOTIC: [8192] mysql_connect(): The mysql extension is deprecated and will be removed in the future: use mysqli or PDO instead E:\SharedMedia\ThinkPHP\Library\Think\Db\Driver\Mysql.class.php 第 52 行.
SQL: SHOW COLUMNS FROM `admin_user` [ RunTime:0.005001s ]
SQL: SELECT * FROM `admin_user` WHERE `token` = 'bb65d2037d7cd640a301871f9f2df943' LIMIT 1   [ RunTime:0.006000s ]
SQL: SHOW COLUMNS FROM `banner` [ RunTime:0.007000s ]
SQL: SELECT * FROM `banner`  [ RunTime:0.006001s ]
NOTIC: [2048] Non-static method Common\Common\Helper::response() should not be called statically, assuming $this from incompatible context E:\SharedMedia\Application\Admin\Controller\BannerController.class.php 第 88 行.

[ 2017-08-24T16:10:03+08:00 ] 127.0.0.1 /?s=/admin/banner/EditBannerIdInfo/token/bb65d2037d7cd640a301871f9f2df943/id/12
INFO: [ app_init ] --START--
INFO: Run Behavior\BuildLiteBehavior [ RunTime:0.000000s ]
INFO: [ app_init ] --END-- [ RunTime:0.000000s ]
INFO: [ app_begin ] --START--
INFO: Run Behavior\ReadHtmlCacheBehavior [ RunTime:0.000000s ]
INFO: [ app_begin ] --END-- [ RunTime:0.000000s ]
NOTIC: [8192] mysql_connect(): The mysql extension is deprecated and will be removed in the future: use mysqli or PDO instead E:\SharedMedia\ThinkPHP\Library\Think\Db\Driver\Mysql.class.php 第 52 行.
SQL: SHOW COLUMNS FROM `admin_user` [ RunTime:0.005000s ]
SQL: SELECT * FROM `admin_user` WHERE `token` = 'bb65d2037d7cd640a301871f9f2df943' LIMIT 1   [ RunTime:0.005000s ]
SQL: SHOW COLUMNS FROM `banner` [ RunTime:0.005001s ]
SQL: SELECT * FROM `banner` WHERE ( id=12 ) LIMIT 1   [ RunTime:0.005000s ]
NOTIC: [2048] Non-static method Common\Common\Helper::response() should not be called statically, assuming $this from incompatible context E:\SharedMedia\Application\Admin\Controller\BannerController.class.php 第 115 行.

[ 2017-08-24T16:29:39+08:00 ] 127.0.0.1 /?s=/admin/banner/EditBannerIdInfo/token/bb65d2037d7cd640a301871f9f2df943/id/12
INFO: [ app_init ] --START--
INFO: Run Behavior\BuildLiteBehavior [ RunTime:0.000000s ]
INFO: [ app_init ] --END-- [ RunTime:0.001000s ]
INFO: [ app_begin ] --START--
INFO: Run Behavior\ReadHtmlCacheBehavior [ RunTime:0.001000s ]
INFO: [ app_begin ] --END-- [ RunTime:0.001000s ]
NOTIC: [8192] mysql_connect(): The mysql extension is deprecated and will be removed in the future: use mysqli or PDO instead E:\SharedMedia\ThinkPHP\Library\Think\Db\Driver\Mysql.class.php 第 52 行.
SQL: SHOW COLUMNS FROM `admin_user` [ RunTime:0.005000s ]
SQL: SELECT * FROM `admin_user` WHERE `token` = 'bb65d2037d7cd640a301871f9f2df943' LIMIT 1   [ RunTime:0.006000s ]
SQL: SHOW COLUMNS FROM `banner` [ RunTime:0.006001s ]
SQL: SELECT * FROM `banner` WHERE ( id=12 ) LIMIT 1   [ RunTime:0.005000s ]
NOTIC: [2] Illegal string offset 'create_time' E:\SharedMedia\Application\Admin\Controller\BannerController.class.php 第 116 行.
NOTIC: [2] Illegal string offset 'create_time' E:\SharedMedia\Application\Admin\Controller\BannerController.class.php 第 117 行.
NOTIC: [2] Illegal string offset 'create_time' E:\SharedMedia\Application\Admin\Controller\BannerController.class.php 第 117 行.
NOTIC: [2] Illegal string offset 'update_time' E:\SharedMedia\Application\Admin\Controller\BannerController.class.php 第 120 行.
NOTIC: [2] Illegal string offset 'update_time' E:\SharedMedia\Application\Admin\Controller\BannerController.class.php 第 121 行.
NOTIC: [2] Illegal string offset 'update_time' E:\SharedMedia\Application\Admin\Controller\BannerController.class.php 第 121 行.
NOTIC: [2] Illegal string offset 'create_time' E:\SharedMedia\Application\Admin\Controller\BannerController.class.php 第 116 行.
NOTIC: [2] Illegal string offset 'create_time' E:\SharedMedia\Application\Admin\Controller\BannerController.class.php 第 117 行.
NOTIC: [2] date() expects parameter 2 to be long, string given E:\SharedMedia\Application\Admin\Controller\BannerController.class.php 第 117 行.
NOTIC: [2] Illegal string offset 'create_time' E:\SharedMedia\Application\Admin\Controller\BannerController.class.php 第 117 行.
NOTIC: [2] Illegal string offset 'update_time' E:\SharedMedia\Application\Admin\Controller\BannerController.class.php 第 120 行.
NOTIC: [2] Illegal string offset 'update_time' E:\SharedMedia\Application\Admin\Controller\BannerController.class.php 第 121 行.
NOTIC: [2] date() expects parameter 2 to be long, string given E:\SharedMedia\Application\Admin\Controller\BannerController.class.php 第 121 行.
NOTIC: [2] Illegal string offset 'update_time' E:\SharedMedia\Application\Admin\Controller\BannerController.class.php 第 121 行.
NOTIC: [2] Illegal string offset 'create_time' E:\SharedMedia\Application\Admin\Controller\BannerController.class.php 第 116 行.
NOTIC: [2] Illegal string offset 'create_time' E:\SharedMedia\Application\Admin\Controller\BannerController.class.php 第 117 行.
NOTIC: [2] Illegal string offset 'create_time' E:\SharedMedia\Application\Admin\Controller\BannerController.class.php 第 117 行.
NOTIC: [2] Illegal string offset 'update_time' E:\SharedMedia\Application\Admin\Controller\BannerController.class.php 第 120 行.
NOTIC: [2] Illegal string offset 'update_time' E:\SharedMedia\Application\Admin\Controller\BannerController.class.php 第 121 行.
NOTIC: [2] Illegal string offset 'update_time' E:\SharedMedia\Application\Admin\Controller\BannerController.class.php 第 121 行.
NOTIC: [2] Illegal string offset 'create_time' E:\SharedMedia\Application\Admin\Controller\BannerController.class.php 第 116 行.
NOTIC: [2] Illegal string offset 'create_time' E:\SharedMedia\Application\Admin\Controller\BannerController.class.php 第 117 行.
NOTIC: [2] Illegal string offset 'create_time' E:\SharedMedia\Application\Admin\Controller\BannerController.class.php 第 117 行.
NOTIC: [2] Illegal string offset 'update_time' E:\SharedMedia\Application\Admin\Controller\BannerController.class.php 第 120 行.
NOTIC: [2] Illegal string offset 'update_time' E:\SharedMedia\Application\Admin\Controller\BannerController.class.php 第 121 行.
NOTIC: [2] Illegal string offset 'update_time' E:\SharedMedia\Application\Admin\Controller\BannerController.class.php 第 121 行.
NOTIC: [2] Illegal string offset 'create_time' E:\SharedMedia\Application\Admin\Controller\BannerController.class.php 第 116 行.
NOTIC: [2] Illegal string offset 'create_time' E:\SharedMedia\Application\Admin\Controller\BannerController.class.php 第 117 行.
NOTIC: [2] Illegal string offset 'create_time' E:\SharedMedia\Application\Admin\Controller\BannerController.class.php 第 117 行.
NOTIC: [2] Illegal string offset 'update_time' E:\SharedMedia\Application\Admin\Controller\BannerController.class.php 第 120 行.
NOTIC: [2] Illegal string offset 'update_time' E:\SharedMedia\Application\Admin\Controller\BannerController.class.php 第 121 行.
NOTIC: [2] Illegal string offset 'update_time' E:\SharedMedia\Application\Admin\Controller\BannerController.class.php 第 121 行.
NOTIC: [2] Illegal string offset 'create_time' E:\SharedMedia\Application\Admin\Controller\BannerController.class.php 第 116 行.
NOTIC: [2] Illegal string offset 'create_time' E:\SharedMedia\Application\Admin\Controller\BannerController.class.php 第 117 行.
NOTIC: [2] Illegal string offset 'create_time' E:\SharedMedia\Application\Admin\Controller\BannerController.class.php 第 117 行.
NOTIC: [2] Illegal string offset 'update_time' E:\SharedMedia\Application\Admin\Controller\BannerController.class.php 第 120 行.
NOTIC: [2] Illegal string offset 'update_time' E:\SharedMedia\Application\Admin\Controller\BannerController.class.php 第 121 行.
NOTIC: [2] Illegal string offset 'update_time' E:\SharedMedia\Application\Admin\Controller\BannerController.class.php 第 121 行.
NOTIC: [2] Illegal string offset 'create_time' E:\SharedMedia\Application\Admin\Controller\BannerController.class.php 第 116 行.
NOTIC: [2] Illegal string offset 'create_time' E:\SharedMedia\Application\Admin\Controller\BannerController.class.php 第 117 行.
NOTIC: [2] Illegal string offset 'create_time' E:\SharedMedia\Application\Admin\Controller\BannerController.class.php 第 117 行.
NOTIC: [2] Illegal string offset 'update_time' E:\SharedMedia\Application\Admin\Controller\BannerController.class.php 第 120 行.
NOTIC: [2] Illegal string offset 'update_time' E:\SharedMedia\Application\Admin\Controller\BannerController.class.php 第 121 行.
NOTIC: [2] Illegal string offset 'update_time' E:\SharedMedia\Application\Admin\Controller\BannerController.class.php 第 121 行.
NOTIC: [2048] Non-static method Common\Common\Helper::response() should not be called statically, assuming $this from incompatible context E:\SharedMedia\Application\Admin\Controller\BannerController.class.php 第 124 行.

[ 2017-08-24T16:29:58+08:00 ] 127.0.0.1 /?s=/admin/banner/EditBannerIdInfo/token/bb65d2037d7cd640a301871f9f2df943/id/12
INFO: [ app_init ] --START--
INFO: Run Behavior\BuildLiteBehavior [ RunTime:0.000000s ]
INFO: [ app_init ] --END-- [ RunTime:0.000000s ]
INFO: [ app_begin ] --START--
INFO: Run Behavior\ReadHtmlCacheBehavior [ RunTime:0.000000s ]
INFO: [ app_begin ] --END-- [ RunTime:0.000000s ]
NOTIC: [8192] mysql_connect(): The mysql extension is deprecated and will be removed in the future: use mysqli or PDO instead E:\SharedMedia\ThinkPHP\Library\Think\Db\Driver\Mysql.class.php 第 52 行.
SQL: SHOW COLUMNS FROM `admin_user` [ RunTime:0.006000s ]
SQL: SELECT * FROM `admin_user` WHERE `token` = 'bb65d2037d7cd640a301871f9f2df943' LIMIT 1   [ RunTime:0.006000s ]
SQL: SHOW COLUMNS FROM `banner` [ RunTime:0.005001s ]
SQL: SELECT * FROM `banner` WHERE ( id=12 ) LIMIT 1   [ RunTime:0.004000s ]
NOTIC: [2] Illegal string offset 'create_time' E:\SharedMedia\Application\Admin\Controller\BannerController.class.php 第 116 行.
NOTIC: [2] Illegal string offset 'create_time' E:\SharedMedia\Application\Admin\Controller\BannerController.class.php 第 117 行.
NOTIC: [2] Illegal string offset 'create_time' E:\SharedMedia\Application\Admin\Controller\BannerController.class.php 第 117 行.
NOTIC: [2] Illegal string offset 'update_time' E:\SharedMedia\Application\Admin\Controller\BannerController.class.php 第 120 行.
NOTIC: [2] Illegal string offset 'update_time' E:\SharedMedia\Application\Admin\Controller\BannerController.class.php 第 121 行.
NOTIC: [2] Illegal string offset 'update_time' E:\SharedMedia\Application\Admin\Controller\BannerController.class.php 第 121 行.
NOTIC: [2] Illegal string offset 'create_time' E:\SharedMedia\Application\Admin\Controller\BannerController.class.php 第 116 行.
NOTIC: [2] Illegal string offset 'create_time' E:\SharedMedia\Application\Admin\Controller\BannerController.class.php 第 117 行.
NOTIC: [2] date() expects parameter 2 to be long, string given E:\SharedMedia\Application\Admin\Controller\BannerController.class.php 第 117 行.
NOTIC: [2] Illegal string offset 'create_time' E:\SharedMedia\Application\Admin\Controller\BannerController.class.php 第 117 行.
NOTIC: [2] Illegal string offset 'update_time' E:\SharedMedia\Application\Admin\Controller\BannerController.class.php 第 120 行.
NOTIC: [2] Illegal string offset 'update_time' E:\SharedMedia\Application\Admin\Controller\BannerController.class.php 第 121 行.
NOTIC: [2] date() expects parameter 2 to be long, string given E:\SharedMedia\Application\Admin\Controller\BannerController.class.php 第 121 行.
NOTIC: [2] Illegal string offset 'update_time' E:\SharedMedia\Application\Admin\Controller\BannerController.class.php 第 121 行.
NOTIC: [2] Illegal string offset 'create_time' E:\SharedMedia\Application\Admin\Controller\BannerController.class.php 第 116 行.
NOTIC: [2] Illegal string offset 'create_time' E:\SharedMedia\Application\Admin\Controller\BannerController.class.php 第 117 行.
NOTIC: [2] Illegal string offset 'create_time' E:\SharedMedia\Application\Admin\Controller\BannerController.class.php 第 117 行.
NOTIC: [2] Illegal string offset 'update_time' E:\SharedMedia\Application\Admin\Controller\BannerController.class.php 第 120 行.
NOTIC: [2] Illegal string offset 'update_time' E:\SharedMedia\Application\Admin\Controller\BannerController.class.php 第 121 行.
NOTIC: [2] Illegal string offset 'update_time' E:\SharedMedia\Application\Admin\Controller\BannerController.class.php 第 121 行.
NOTIC: [2] Illegal string offset 'create_time' E:\SharedMedia\Application\Admin\Controller\BannerController.class.php 第 116 行.
NOTIC: [2] Illegal string offset 'create_time' E:\SharedMedia\Application\Admin\Controller\BannerController.class.php 第 117 行.
NOTIC: [2] Illegal string offset 'create_time' E:\SharedMedia\Application\Admin\Controller\BannerController.class.php 第 117 行.
NOTIC: [2] Illegal string offset 'update_time' E:\SharedMedia\Application\Admin\Controller\BannerController.class.php 第 120 行.
NOTIC: [2] Illegal string offset 'update_time' E:\SharedMedia\Application\Admin\Controller\BannerController.class.php 第 121 行.
NOTIC: [2] Illegal string offset 'update_time' E:\SharedMedia\Application\Admin\Controller\BannerController.class.php 第 121 行.
NOTIC: [2] Illegal string offset 'create_time' E:\SharedMedia\Application\Admin\Controller\BannerController.class.php 第 116 行.
NOTIC: [2] Illegal string offset 'create_time' E:\SharedMedia\Application\Admin\Controller\BannerController.class.php 第 117 行.
NOTIC: [2] Illegal string offset 'create_time' E:\SharedMedia\Application\Admin\Controller\BannerController.class.php 第 117 行.
NOTIC: [2] Illegal string offset 'update_time' E:\SharedMedia\Application\Admin\Controller\BannerController.class.php 第 120 行.
NOTIC: [2] Illegal string offset 'update_time' E:\SharedMedia\Application\Admin\Controller\BannerController.class.php 第 121 行.
NOTIC: [2] Illegal string offset 'update_time' E:\SharedMedia\Application\Admin\Controller\BannerController.class.php 第 121 行.
NOTIC: [2] Illegal string offset 'create_time' E:\SharedMedia\Application\Admin\Controller\BannerController.class.php 第 116 行.
NOTIC: [2] Illegal string offset 'create_time' E:\SharedMedia\Application\Admin\Controller\BannerController.class.php 第 117 行.
NOTIC: [2] Illegal string offset 'create_time' E:\SharedMedia\Application\Admin\Controller\BannerController.class.php 第 117 行.
NOTIC: [2] Illegal string offset 'update_time' E:\SharedMedia\Application\Admin\Controller\BannerController.class.php 第 120 行.
NOTIC: [2] Illegal string offset 'update_time' E:\SharedMedia\Application\Admin\Controller\BannerController.class.php 第 121 行.
NOTIC: [2] Illegal string offset 'update_time' E:\SharedMedia\Application\Admin\Controller\BannerController.class.php 第 121 行.
NOTIC: [2] Illegal string offset 'create_time' E:\SharedMedia\Application\Admin\Controller\BannerController.class.php 第 116 行.
NOTIC: [2] Illegal string offset 'create_time' E:\SharedMedia\Application\Admin\Controller\BannerController.class.php 第 117 行.
NOTIC: [2] Illegal string offset 'create_time' E:\SharedMedia\Application\Admin\Controller\BannerController.class.php 第 117 行.
NOTIC: [2] Illegal string offset 'update_time' E:\SharedMedia\Application\Admin\Controller\BannerController.class.php 第 120 行.
NOTIC: [2] Illegal string offset 'update_time' E:\SharedMedia\Application\Admin\Controller\BannerController.class.php 第 121 行.
NOTIC: [2] Illegal string offset 'update_time' E:\SharedMedia\Application\Admin\Controller\BannerController.class.php 第 121 行.
NOTIC: [2048] Non-static method Common\Common\Helper::response() should not be called statically, assuming $this from incompatible context E:\SharedMedia\Application\Admin\Controller\BannerController.class.php 第 124 行.

[ 2017-08-24T16:30:20+08:00 ] 127.0.0.1 /?s=/admin/banner/EditBannerIdInfo/token/bb65d2037d7cd640a301871f9f2df943/id/12
INFO: [ app_init ] --START--
INFO: Run Behavior\BuildLiteBehavior [ RunTime:0.000000s ]
INFO: [ app_init ] --END-- [ RunTime:0.000000s ]
INFO: [ app_begin ] --START--
INFO: Run Behavior\ReadHtmlCacheBehavior [ RunTime:0.000000s ]
INFO: [ app_begin ] --END-- [ RunTime:0.000000s ]
NOTIC: [8192] mysql_connect(): The mysql extension is deprecated and will be removed in the future: use mysqli or PDO instead E:\SharedMedia\ThinkPHP\Library\Think\Db\Driver\Mysql.class.php 第 52 行.
SQL: SHOW COLUMNS FROM `admin_user` [ RunTime:0.005000s ]
SQL: SELECT * FROM `admin_user` WHERE `token` = 'bb65d2037d7cd640a301871f9f2df943' LIMIT 1   [ RunTime:0.005000s ]
SQL: SHOW COLUMNS FROM `banner` [ RunTime:0.006001s ]
SQL: SELECT * FROM `banner` WHERE ( id=12 ) LIMIT 1   [ RunTime:0.005000s ]
NOTIC: [2] Illegal string offset 'create_time' E:\SharedMedia\Application\Admin\Controller\BannerController.class.php 第 116 行.
NOTIC: [2] Illegal string offset 'create_time' E:\SharedMedia\Application\Admin\Controller\BannerController.class.php 第 117 行.
NOTIC: [2] Illegal string offset 'create_time' E:\SharedMedia\Application\Admin\Controller\BannerController.class.php 第 117 行.
NOTIC: [2] Illegal string offset 'update_time' E:\SharedMedia\Application\Admin\Controller\BannerController.class.php 第 120 行.
NOTIC: [2] Illegal string offset 'update_time' E:\SharedMedia\Application\Admin\Controller\BannerController.class.php 第 121 行.
NOTIC: [2] Illegal string offset 'update_time' E:\SharedMedia\Application\Admin\Controller\BannerController.class.php 第 121 行.
NOTIC: [2] Illegal string offset 'create_time' E:\SharedMedia\Application\Admin\Controller\BannerController.class.php 第 116 行.
NOTIC: [2] Illegal string offset 'create_time' E:\SharedMedia\Application\Admin\Controller\BannerController.class.php 第 117 行.
NOTIC: [2] date() expects parameter 2 to be long, string given E:\SharedMedia\Application\Admin\Controller\BannerController.class.php 第 117 行.
NOTIC: [2] Illegal string offset 'create_time' E:\SharedMedia\Application\Admin\Controller\BannerController.class.php 第 117 行.
NOTIC: [2] Illegal string offset 'update_time' E:\SharedMedia\Application\Admin\Controller\BannerController.class.php 第 120 行.
NOTIC: [2] Illegal string offset 'update_time' E:\SharedMedia\Application\Admin\Controller\BannerController.class.php 第 121 行.
NOTIC: [2] date() expects parameter 2 to be long, string given E:\SharedMedia\Application\Admin\Controller\BannerController.class.php 第 121 行.
NOTIC: [2] Illegal string offset 'update_time' E:\SharedMedia\Application\Admin\Controller\BannerController.class.php 第 121 行.
NOTIC: [2] Illegal string offset 'create_time' E:\SharedMedia\Application\Admin\Controller\BannerController.class.php 第 116 行.
NOTIC: [2] Illegal string offset 'create_time' E:\SharedMedia\Application\Admin\Controller\BannerController.class.php 第 117 行.
NOTIC: [2] Illegal string offset 'create_time' E:\SharedMedia\Application\Admin\Controller\BannerController.class.php 第 117 行.
NOTIC: [2] Illegal string offset 'update_time' E:\SharedMedia\Application\Admin\Controller\BannerController.class.php 第 120 行.
NOTIC: [2] Illegal string offset 'update_time' E:\SharedMedia\Application\Admin\Controller\BannerController.class.php 第 121 行.
NOTIC: [2] Illegal string offset 'update_time' E:\SharedMedia\Application\Admin\Controller\BannerController.class.php 第 121 行.
NOTIC: [2] Illegal string offset 'create_time' E:\SharedMedia\Application\Admin\Controller\BannerController.class.php 第 116 行.
NOTIC: [2] Illegal string offset 'create_time' E:\SharedMedia\Application\Admin\Controller\BannerController.class.php 第 117 行.
NOTIC: [2] Illegal string offset 'create_time' E:\SharedMedia\Application\Admin\Controller\BannerController.class.php 第 117 行.
NOTIC: [2] Illegal string offset 'update_time' E:\SharedMedia\Application\Admin\Controller\BannerController.class.php 第 120 行.
NOTIC: [2] Illegal string offset 'update_time' E:\SharedMedia\Application\Admin\Controller\BannerController.class.php 第 121 行.
NOTIC: [2] Illegal string offset 'update_time' E:\SharedMedia\Application\Admin\Controller\BannerController.class.php 第 121 行.
NOTIC: [2] Illegal string offset 'create_time' E:\SharedMedia\Application\Admin\Controller\BannerController.class.php 第 116 行.
NOTIC: [2] Illegal string offset 'create_time' E:\SharedMedia\Application\Admin\Controller\BannerController.class.php 第 117 行.
NOTIC: [2] Illegal string offset 'create_time' E:\SharedMedia\Application\Admin\Controller\BannerController.class.php 第 117 行.
NOTIC: [2] Illegal string offset 'update_time' E:\SharedMedia\Application\Admin\Controller\BannerController.class.php 第 120 行.
NOTIC: [2] Illegal string offset 'update_time' E:\SharedMedia\Application\Admin\Controller\BannerController.class.php 第 121 行.
NOTIC: [2] Illegal string offset 'update_time' E:\SharedMedia\Application\Admin\Controller\BannerController.class.php 第 121 行.
NOTIC: [2] Illegal string offset 'create_time' E:\SharedMedia\Application\Admin\Controller\BannerController.class.php 第 116 行.
NOTIC: [2] Illegal string offset 'create_time' E:\SharedMedia\Application\Admin\Controller\BannerController.class.php 第 117 行.
NOTIC: [2] Illegal string offset 'create_time' E:\SharedMedia\Application\Admin\Controller\BannerController.class.php 第 117 行.
NOTIC: [2] Illegal string offset 'update_time' E:\SharedMedia\Application\Admin\Controller\BannerController.class.php 第 120 行.
NOTIC: [2] Illegal string offset 'update_time' E:\SharedMedia\Application\Admin\Controller\BannerController.class.php 第 121 行.
NOTIC: [2] Illegal string offset 'update_time' E:\SharedMedia\Application\Admin\Controller\BannerController.class.php 第 121 行.
NOTIC: [2] Illegal string offset 'create_time' E:\SharedMedia\Application\Admin\Controller\BannerController.class.php 第 116 行.
NOTIC: [2] Illegal string offset 'create_time' E:\SharedMedia\Application\Admin\Controller\BannerController.class.php 第 117 行.
NOTIC: [2] Illegal string offset 'create_time' E:\SharedMedia\Application\Admin\Controller\BannerController.class.php 第 117 行.
NOTIC: [2] Illegal string offset 'update_time' E:\SharedMedia\Application\Admin\Controller\BannerController.class.php 第 120 行.
NOTIC: [2] Illegal string offset 'update_time' E:\SharedMedia\Application\Admin\Controller\BannerController.class.php 第 121 行.
NOTIC: [2] Illegal string offset 'update_time' E:\SharedMedia\Application\Admin\Controller\BannerController.class.php 第 121 行.
NOTIC: [2048] Non-static method Common\Common\Helper::response() should not be called statically, assuming $this from incompatible context E:\SharedMedia\Application\Admin\Controller\BannerController.class.php 第 124 行.

[ 2017-08-24T16:30:59+08:00 ] 127.0.0.1 /?s=/admin/banner/EditBannerIdInfo/token/bb65d2037d7cd640a301871f9f2df943/id/12
INFO: [ app_init ] --START--
INFO: Run Behavior\BuildLiteBehavior [ RunTime:0.000000s ]
INFO: [ app_init ] --END-- [ RunTime:0.000000s ]
INFO: [ app_begin ] --START--
INFO: Run Behavior\ReadHtmlCacheBehavior [ RunTime:0.000000s ]
INFO: [ app_begin ] --END-- [ RunTime:0.001000s ]
NOTIC: [8192] mysql_connect(): The mysql extension is deprecated and will be removed in the future: use mysqli or PDO instead E:\SharedMedia\ThinkPHP\Library\Think\Db\Driver\Mysql.class.php 第 52 行.
SQL: SHOW COLUMNS FROM `admin_user` [ RunTime:0.004000s ]
SQL: SELECT * FROM `admin_user` WHERE `token` = 'bb65d2037d7cd640a301871f9f2df943' LIMIT 1   [ RunTime:0.006000s ]
SQL: SHOW COLUMNS FROM `banner` [ RunTime:0.005001s ]
SQL: SELECT * FROM `banner` WHERE ( id=12 ) LIMIT 1   [ RunTime:0.005000s ]
NOTIC: [2048] Non-static method Common\Common\Helper::response() should not be called statically, assuming $this from incompatible context E:\SharedMedia\Application\Admin\Controller\BannerController.class.php 第 122 行.

